[2021/05/31 15:52:04.581] [TID:1] [Info]: guemin12@naver.com 접속성공
[2021/05/31 15:53:01.888] [TID:1] [Info]: guemin12@naver.com 접속성공
[2021/05/31 15:56:06.306] [TID:1] [Info]: guemin12@naver.com 접속성공
[2021/05/31 16:57:03.776] [TID:1] [Info]: guemin12@naver.com 접속성공
[2021/05/31 16:58:59.449] [TID:1] [Info]: guemin12@naver.com 접속성공
[2021/05/31 16:59:32.796] [TID:1] [Info]: guemin12@naver.com 접속성공
[2021/05/31 16:59:34.183] [TID:1] [Error]: 예외발생 AddStock Loaded : System.ArgumentOutOfRangeException: 인덱스가 범위를 벗어났습니다. 인덱스는 음수가 아니어야 하며 컬렉션의 크기보다 작아야 합니다.
매개 변수 이름: index
   위치: System.ThrowHelper.ThrowArgumentOutOfRangeException(ExceptionArgument argument, ExceptionResource resource)
   위치: System.Collections.Generic.List`1.get_Item(Int32 index)
   위치: ERPProject.View.Stock.AddStock.Page_Loaded(Object sender, RoutedEventArgs e) 파일 D:\GitRepository\ParkProject\ERPProject\View\Stock\AddStock.xaml.cs:줄 35
[2021/05/31 16:59:58.547] [TID:1] [Info]: guemin12@naver.com 접속성공
[2021/05/31 16:59:59.908] [TID:1] [Error]: 예외발생 AddStock Loaded : System.ArgumentOutOfRangeException: 인덱스가 범위를 벗어났습니다. 인덱스는 음수가 아니어야 하며 컬렉션의 크기보다 작아야 합니다.
매개 변수 이름: index
   위치: System.ThrowHelper.ThrowArgumentOutOfRangeException(ExceptionArgument argument, ExceptionResource resource)
   위치: System.Collections.Generic.List`1.get_Item(Int32 index)
   위치: ERPProject.View.Stock.AddStock.Page_Loaded(Object sender, RoutedEventArgs e) 파일 D:\GitRepository\ParkProject\ERPProject\View\Stock\AddStock.xaml.cs:줄 35
[2021/05/31 17:02:11.021] [TID:1] [Info]: guemin12@naver.com 접속성공
[2021/05/31 17:02:13.432] [TID:1] [Error]: 예외발생 AddStock Loaded : System.ArgumentOutOfRangeException: 인덱스가 범위를 벗어났습니다. 인덱스는 음수가 아니어야 하며 컬렉션의 크기보다 작아야 합니다.
매개 변수 이름: index
   위치: System.ThrowHelper.ThrowArgumentOutOfRangeException(ExceptionArgument argument, ExceptionResource resource)
   위치: System.Collections.Generic.List`1.get_Item(Int32 index)
   위치: ERPProject.View.Stock.AddStock.Page_Loaded(Object sender, RoutedEventArgs e) 파일 D:\GitRepository\ParkProject\ERPProject\View\Stock\AddStock.xaml.cs:줄 35
[2021/05/31 17:02:43.797] [TID:1] [Info]: guemin12@naver.com 접속성공
[2021/05/31 17:03:06.676] [TID:1] [Error]: 예외발생 AddStock Loaded : System.ArgumentOutOfRangeException: 인덱스가 범위를 벗어났습니다. 인덱스는 음수가 아니어야 하며 컬렉션의 크기보다 작아야 합니다.
매개 변수 이름: index
   위치: System.ThrowHelper.ThrowArgumentOutOfRangeException(ExceptionArgument argument, ExceptionResource resource)
   위치: System.Collections.Generic.List`1.get_Item(Int32 index)
   위치: ERPProject.View.Stock.AddStock.Page_Loaded(Object sender, RoutedEventArgs e) 파일 D:\GitRepository\ParkProject\ERPProject\View\Stock\AddStock.xaml.cs:줄 35
[2021/05/31 17:03:26.495] [TID:1] [Info]: guemin12@naver.com 접속성공
[2021/05/31 17:03:28.446] [TID:1] [Error]: 예외발생 AddStock Loaded : System.ArgumentOutOfRangeException: 인덱스가 범위를 벗어났습니다. 인덱스는 음수가 아니어야 하며 컬렉션의 크기보다 작아야 합니다.
매개 변수 이름: index
   위치: System.ThrowHelper.ThrowArgumentOutOfRangeException(ExceptionArgument argument, ExceptionResource resource)
   위치: System.Collections.Generic.List`1.get_Item(Int32 index)
   위치: ERPProject.View.Stock.AddStock.Page_Loaded(Object sender, RoutedEventArgs e) 파일 D:\GitRepository\ParkProject\ERPProject\View\Stock\AddStock.xaml.cs:줄 35
[2021/05/31 17:05:25.969] [TID:1] [Info]: guemin12@naver.com 접속성공
[2021/05/31 17:06:41.175] [TID:1] [Info]: guemin12@naver.com 접속성공
[2021/05/31 17:07:06.318] [TID:1] [Info]: guemin12@naver.com 접속성공
[2021/05/31 17:07:42.416] [TID:1] [Info]: guemin12@naver.com 접속성공
[2021/05/31 17:08:09.615] [TID:1] [Info]: guemin12@naver.com 접속성공
[2021/05/31 17:13:37.249] [TID:1] [Info]: guemin12@naver.com 접속성공
[2021/05/31 17:16:27.557] [TID:1] [Info]: guemin12@naver.com 접속성공
[2021/05/31 17:33:49.524] [TID:1] [Info]: guemin12@naver.com 접속성공
