[2021/05/30 17:57:39.230] [TID:1] [Info]: guemin12@naver.com 접속성공
[2021/05/30 17:58:06.009] [TID:1] [Error]: 예외발생 : System.Data.Entity.Infrastructure.DbUpdateException: An error occurred while updating the entries. See the inner exception for details. ---> System.Data.Entity.Core.UpdateException: An error occurred while updating the entries. See the inner exception for details. ---> System.Data.SqlClient.SqlException: INSERT 문이 FOREIGN KEY 제약 조건 "FK_ItemBarcode"과(와) 충돌했습니다. 데이터베이스 "ERP", 테이블 "dbo.Barcode", column 'BarcodeID'에서 충돌이 발생했습니다.
문이 종료되었습니다.
   위치: System.Data.SqlClient.SqlConnection.OnError(SqlException exception, Boolean breakConnection, Action`1 wrapCloseInAction)
   위치: System.Data.SqlClient.SqlInternalConnection.OnError(SqlException exception, Boolean breakConnection, Action`1 wrapCloseInAction)
   위치: System.Data.SqlClient.TdsParser.ThrowExceptionAndWarning(TdsParserStateObject stateObj, Boolean callerHasConnectionLock, Boolean asyncClose)
   위치: System.Data.SqlClient.TdsParser.TryRun(RunBehavior runBehavior, SqlCommand cmdHandler, SqlDataReader dataStream, BulkCopySimpleResultSet bulkCopyHandler, TdsParserStateObject stateObj, Boolean& dataReady)
   위치: System.Data.SqlClient.SqlDataReader.TryConsumeMetaData()
   위치: System.Data.SqlClient.SqlDataReader.get_MetaData()
   위치: System.Data.SqlClient.SqlCommand.FinishExecuteReader(SqlDataReader ds, RunBehavior runBehavior, String resetOptionsString, Boolean isInternal, Boolean forDescribeParameterEncryption, Boolean shouldCacheForAlwaysEncrypted)
   위치: System.Data.SqlClient.SqlCommand.RunExecuteReaderTds(CommandBehavior cmdBehavior, RunBehavior runBehavior, Boolean returnStream, Boolean async, Int32 timeout, Task& task, Boolean asyncWrite, Boolean inRetry, SqlDataReader ds, Boolean describeParameterEncryptionRequest)
   위치: System.Data.SqlClient.SqlCommand.RunExecuteReader(CommandBehavior cmdBehavior, RunBehavior runBehavior, Boolean returnStream, String method, TaskCompletionSource`1 completion, Int32 timeout, Task& task, Boolean& usedCache, Boolean asyncWrite, Boolean inRetry)
   위치: System.Data.SqlClient.SqlCommand.RunExecuteReader(CommandBehavior cmdBehavior, RunBehavior runBehavior, Boolean returnStream, String method)
   위치: System.Data.SqlClient.SqlCommand.ExecuteReader(CommandBehavior behavior, String method)
   위치: System.Data.SqlClient.SqlCommand.ExecuteDbDataReader(CommandBehavior behavior)
   위치: System.Data.Common.DbCommand.ExecuteReader(CommandBehavior behavior)
   위치: System.Data.Entity.Infrastructure.Interception.DbCommandDispatcher.<>c.<Reader>b__6_0(DbCommand t, DbCommandInterceptionContext`1 c)
   위치: System.Data.Entity.Infrastructure.Interception.InternalDispatcher`1.Dispatch[TTarget,TInterceptionContext,TResult](TTarget target, Func`3 operation, TInterceptionContext interceptionContext, Action`3 executing, Action`3 executed)
   위치: System.Data.Entity.Infrastructure.Interception.DbCommandDispatcher.Reader(DbCommand command, DbCommandInterceptionContext interceptionContext)
   위치: System.Data.Entity.Internal.InterceptableDbCommand.ExecuteDbDataReader(CommandBehavior behavior)
   위치: System.Data.Common.DbCommand.ExecuteReader(CommandBehavior behavior)
   위치: System.Data.Entity.Core.Mapping.Update.Internal.DynamicUpdateCommand.Execute(Dictionary`2 identifierValues, List`1 generatedValues)
   위치: System.Data.Entity.Core.Mapping.Update.Internal.UpdateTranslator.Update()
   --- 내부 예외 스택 추적의 끝 ---
   위치: System.Data.Entity.Core.Mapping.Update.Internal.UpdateTranslator.Update()
   위치: System.Data.Entity.Core.EntityClient.Internal.EntityAdapter.<>c.<Update>b__21_0(UpdateTranslator ut)
   위치: System.Data.Entity.Core.EntityClient.Internal.EntityAdapter.Update[T](T noChangesResult, Func`2 updateFunction)
   위치: System.Data.Entity.Core.EntityClient.Internal.EntityAdapter.Update()
   위치: System.Data.Entity.Core.Objects.ObjectContext.<SaveChangesToStore>b__153_0()
   위치: System.Data.Entity.Core.Objects.ObjectContext.ExecuteInTransaction[T](Func`1 func, IDbExecutionStrategy executionStrategy, Boolean startLocalTransaction, Boolean releaseConnectionOnSuccess)
   위치: System.Data.Entity.Core.Objects.ObjectContext.SaveChangesToStore(SaveOptions options, IDbExecutionStrategy executionStrategy, Boolean startLocalTransaction)
   위치: System.Data.Entity.Core.Objects.ObjectContext.<>c__DisplayClass148_0.<SaveChangesInternal>b__0()
   위치: System.Data.Entity.SqlServer.DefaultSqlExecutionStrategy.Execute[TResult](Func`1 operation)
   위치: System.Data.Entity.Core.Objects.ObjectContext.SaveChangesInternal(SaveOptions options, Boolean executeInExistingTransaction)
   위치: System.Data.Entity.Core.Objects.ObjectContext.SaveChanges(SaveOptions options)
   위치: System.Data.Entity.Internal.InternalContext.SaveChanges()
   --- 내부 예외 스택 추적의 끝 ---
   위치: System.Data.Entity.Internal.InternalContext.SaveChanges()
   위치: System.Data.Entity.Internal.LazyInternalContext.SaveChanges()
   위치: System.Data.Entity.DbContext.SaveChanges()
   위치: ERPProject.Logic.DataAccess.SetItems(Item item) 파일 D:\GitRepository\ParkProject\ERPProject\Logic\DataAccess.cs:줄 84
   위치: ERPProject.View.Product.AddItem.BtnAdd_Click(Object sender, RoutedEventArgs e) 파일 D:\GitRepository\ParkProject\ERPProject\View\Product\AddItem.xaml.cs:줄 178
[2021/05/30 17:59:02.034] [TID:1] [Info]: guemin12@naver.com 접속성공
[2021/05/30 17:59:08.437] [TID:1] [Error]: 예외발생 : System.Data.Entity.Infrastructure.DbUpdateException: An error occurred while updating the entries. See the inner exception for details. ---> System.Data.Entity.Core.UpdateException: An error occurred while updating the entries. See the inner exception for details. ---> System.Data.SqlClient.SqlException: INSERT 문이 FOREIGN KEY 제약 조건 "FK_ItemBarcode"과(와) 충돌했습니다. 데이터베이스 "ERP", 테이블 "dbo.Barcode", column 'BarcodeID'에서 충돌이 발생했습니다.
문이 종료되었습니다.
   위치: System.Data.SqlClient.SqlConnection.OnError(SqlException exception, Boolean breakConnection, Action`1 wrapCloseInAction)
   위치: System.Data.SqlClient.SqlInternalConnection.OnError(SqlException exception, Boolean breakConnection, Action`1 wrapCloseInAction)
   위치: System.Data.SqlClient.TdsParser.ThrowExceptionAndWarning(TdsParserStateObject stateObj, Boolean callerHasConnectionLock, Boolean asyncClose)
   위치: System.Data.SqlClient.TdsParser.TryRun(RunBehavior runBehavior, SqlCommand cmdHandler, SqlDataReader dataStream, BulkCopySimpleResultSet bulkCopyHandler, TdsParserStateObject stateObj, Boolean& dataReady)
   위치: System.Data.SqlClient.SqlDataReader.TryConsumeMetaData()
   위치: System.Data.SqlClient.SqlDataReader.get_MetaData()
   위치: System.Data.SqlClient.SqlCommand.FinishExecuteReader(SqlDataReader ds, RunBehavior runBehavior, String resetOptionsString, Boolean isInternal, Boolean forDescribeParameterEncryption, Boolean shouldCacheForAlwaysEncrypted)
   위치: System.Data.SqlClient.SqlCommand.RunExecuteReaderTds(CommandBehavior cmdBehavior, RunBehavior runBehavior, Boolean returnStream, Boolean async, Int32 timeout, Task& task, Boolean asyncWrite, Boolean inRetry, SqlDataReader ds, Boolean describeParameterEncryptionRequest)
   위치: System.Data.SqlClient.SqlCommand.RunExecuteReader(CommandBehavior cmdBehavior, RunBehavior runBehavior, Boolean returnStream, String method, TaskCompletionSource`1 completion, Int32 timeout, Task& task, Boolean& usedCache, Boolean asyncWrite, Boolean inRetry)
   위치: System.Data.SqlClient.SqlCommand.RunExecuteReader(CommandBehavior cmdBehavior, RunBehavior runBehavior, Boolean returnStream, String method)
   위치: System.Data.SqlClient.SqlCommand.ExecuteReader(CommandBehavior behavior, String method)
   위치: System.Data.SqlClient.SqlCommand.ExecuteDbDataReader(CommandBehavior behavior)
   위치: System.Data.Common.DbCommand.ExecuteReader(CommandBehavior behavior)
   위치: System.Data.Entity.Infrastructure.Interception.DbCommandDispatcher.<>c.<Reader>b__6_0(DbCommand t, DbCommandInterceptionContext`1 c)
   위치: System.Data.Entity.Infrastructure.Interception.InternalDispatcher`1.Dispatch[TTarget,TInterceptionContext,TResult](TTarget target, Func`3 operation, TInterceptionContext interceptionContext, Action`3 executing, Action`3 executed)
   위치: System.Data.Entity.Infrastructure.Interception.DbCommandDispatcher.Reader(DbCommand command, DbCommandInterceptionContext interceptionContext)
   위치: System.Data.Entity.Internal.InterceptableDbCommand.ExecuteDbDataReader(CommandBehavior behavior)
   위치: System.Data.Common.DbCommand.ExecuteReader(CommandBehavior behavior)
   위치: System.Data.Entity.Core.Mapping.Update.Internal.DynamicUpdateCommand.Execute(Dictionary`2 identifierValues, List`1 generatedValues)
   위치: System.Data.Entity.Core.Mapping.Update.Internal.UpdateTranslator.Update()
   --- 내부 예외 스택 추적의 끝 ---
   위치: System.Data.Entity.Core.Mapping.Update.Internal.UpdateTranslator.Update()
   위치: System.Data.Entity.Core.EntityClient.Internal.EntityAdapter.<>c.<Update>b__21_0(UpdateTranslator ut)
   위치: System.Data.Entity.Core.EntityClient.Internal.EntityAdapter.Update[T](T noChangesResult, Func`2 updateFunction)
   위치: System.Data.Entity.Core.EntityClient.Internal.EntityAdapter.Update()
   위치: System.Data.Entity.Core.Objects.ObjectContext.<SaveChangesToStore>b__153_0()
   위치: System.Data.Entity.Core.Objects.ObjectContext.ExecuteInTransaction[T](Func`1 func, IDbExecutionStrategy executionStrategy, Boolean startLocalTransaction, Boolean releaseConnectionOnSuccess)
   위치: System.Data.Entity.Core.Objects.ObjectContext.SaveChangesToStore(SaveOptions options, IDbExecutionStrategy executionStrategy, Boolean startLocalTransaction)
   위치: System.Data.Entity.Core.Objects.ObjectContext.<>c__DisplayClass148_0.<SaveChangesInternal>b__0()
   위치: System.Data.Entity.SqlServer.DefaultSqlExecutionStrategy.Execute[TResult](Func`1 operation)
   위치: System.Data.Entity.Core.Objects.ObjectContext.SaveChangesInternal(SaveOptions options, Boolean executeInExistingTransaction)
   위치: System.Data.Entity.Core.Objects.ObjectContext.SaveChanges(SaveOptions options)
   위치: System.Data.Entity.Internal.InternalContext.SaveChanges()
   --- 내부 예외 스택 추적의 끝 ---
   위치: System.Data.Entity.Internal.InternalContext.SaveChanges()
   위치: System.Data.Entity.Internal.LazyInternalContext.SaveChanges()
   위치: System.Data.Entity.DbContext.SaveChanges()
   위치: ERPProject.Logic.DataAccess.SetItems(Item item) 파일 D:\GitRepository\ParkProject\ERPProject\Logic\DataAccess.cs:줄 84
   위치: ERPProject.View.Product.AddItem.BtnAdd_Click(Object sender, RoutedEventArgs e) 파일 D:\GitRepository\ParkProject\ERPProject\View\Product\AddItem.xaml.cs:줄 178
[2021/05/30 17:59:08.449] [TID:1] [Error]: 예외발생 : System.Data.Entity.Infrastructure.DbUpdateException: An error occurred while updating the entries. See the inner exception for details. ---> System.Data.Entity.Core.UpdateException: An error occurred while updating the entries. See the inner exception for details. ---> System.Data.SqlClient.SqlException: INSERT 문이 FOREIGN KEY 제약 조건 "FK_ItemBarcode"과(와) 충돌했습니다. 데이터베이스 "ERP", 테이블 "dbo.Barcode", column 'BarcodeID'에서 충돌이 발생했습니다.
문이 종료되었습니다.
   위치: System.Data.SqlClient.SqlConnection.OnError(SqlException exception, Boolean breakConnection, Action`1 wrapCloseInAction)
   위치: System.Data.SqlClient.SqlInternalConnection.OnError(SqlException exception, Boolean breakConnection, Action`1 wrapCloseInAction)
   위치: System.Data.SqlClient.TdsParser.ThrowExceptionAndWarning(TdsParserStateObject stateObj, Boolean callerHasConnectionLock, Boolean asyncClose)
   위치: System.Data.SqlClient.TdsParser.TryRun(RunBehavior runBehavior, SqlCommand cmdHandler, SqlDataReader dataStream, BulkCopySimpleResultSet bulkCopyHandler, TdsParserStateObject stateObj, Boolean& dataReady)
   위치: System.Data.SqlClient.SqlDataReader.TryConsumeMetaData()
   위치: System.Data.SqlClient.SqlDataReader.get_MetaData()
   위치: System.Data.SqlClient.SqlCommand.FinishExecuteReader(SqlDataReader ds, RunBehavior runBehavior, String resetOptionsString, Boolean isInternal, Boolean forDescribeParameterEncryption, Boolean shouldCacheForAlwaysEncrypted)
   위치: System.Data.SqlClient.SqlCommand.RunExecuteReaderTds(CommandBehavior cmdBehavior, RunBehavior runBehavior, Boolean returnStream, Boolean async, Int32 timeout, Task& task, Boolean asyncWrite, Boolean inRetry, SqlDataReader ds, Boolean describeParameterEncryptionRequest)
   위치: System.Data.SqlClient.SqlCommand.RunExecuteReader(CommandBehavior cmdBehavior, RunBehavior runBehavior, Boolean returnStream, String method, TaskCompletionSource`1 completion, Int32 timeout, Task& task, Boolean& usedCache, Boolean asyncWrite, Boolean inRetry)
   위치: System.Data.SqlClient.SqlCommand.RunExecuteReader(CommandBehavior cmdBehavior, RunBehavior runBehavior, Boolean returnStream, String method)
   위치: System.Data.SqlClient.SqlCommand.ExecuteReader(CommandBehavior behavior, String method)
   위치: System.Data.SqlClient.SqlCommand.ExecuteDbDataReader(CommandBehavior behavior)
   위치: System.Data.Common.DbCommand.ExecuteReader(CommandBehavior behavior)
   위치: System.Data.Entity.Infrastructure.Interception.DbCommandDispatcher.<>c.<Reader>b__6_0(DbCommand t, DbCommandInterceptionContext`1 c)
   위치: System.Data.Entity.Infrastructure.Interception.InternalDispatcher`1.Dispatch[TTarget,TInterceptionContext,TResult](TTarget target, Func`3 operation, TInterceptionContext interceptionContext, Action`3 executing, Action`3 executed)
   위치: System.Data.Entity.Infrastructure.Interception.DbCommandDispatcher.Reader(DbCommand command, DbCommandInterceptionContext interceptionContext)
   위치: System.Data.Entity.Internal.InterceptableDbCommand.ExecuteDbDataReader(CommandBehavior behavior)
   위치: System.Data.Common.DbCommand.ExecuteReader(CommandBehavior behavior)
   위치: System.Data.Entity.Core.Mapping.Update.Internal.DynamicUpdateCommand.Execute(Dictionary`2 identifierValues, List`1 generatedValues)
   위치: System.Data.Entity.Core.Mapping.Update.Internal.UpdateTranslator.Update()
   --- 내부 예외 스택 추적의 끝 ---
   위치: System.Data.Entity.Core.Mapping.Update.Internal.UpdateTranslator.Update()
   위치: System.Data.Entity.Core.EntityClient.Internal.EntityAdapter.<>c.<Update>b__21_0(UpdateTranslator ut)
   위치: System.Data.Entity.Core.EntityClient.Internal.EntityAdapter.Update[T](T noChangesResult, Func`2 updateFunction)
   위치: System.Data.Entity.Core.EntityClient.Internal.EntityAdapter.Update()
   위치: System.Data.Entity.Core.Objects.ObjectContext.<SaveChangesToStore>b__153_0()
   위치: System.Data.Entity.Core.Objects.ObjectContext.ExecuteInTransaction[T](Func`1 func, IDbExecutionStrategy executionStrategy, Boolean startLocalTransaction, Boolean releaseConnectionOnSuccess)
   위치: System.Data.Entity.Core.Objects.ObjectContext.SaveChangesToStore(SaveOptions options, IDbExecutionStrategy executionStrategy, Boolean startLocalTransaction)
   위치: System.Data.Entity.Core.Objects.ObjectContext.<>c__DisplayClass148_0.<SaveChangesInternal>b__0()
   위치: System.Data.Entity.SqlServer.DefaultSqlExecutionStrategy.Execute[TResult](Func`1 operation)
   위치: System.Data.Entity.Core.Objects.ObjectContext.SaveChangesInternal(SaveOptions options, Boolean executeInExistingTransaction)
   위치: System.Data.Entity.Core.Objects.ObjectContext.SaveChanges(SaveOptions options)
   위치: System.Data.Entity.Internal.InternalContext.SaveChanges()
   --- 내부 예외 스택 추적의 끝 ---
   위치: System.Data.Entity.Internal.InternalContext.SaveChanges()
   위치: System.Data.Entity.Internal.LazyInternalContext.SaveChanges()
   위치: System.Data.Entity.DbContext.SaveChanges()
   위치: ERPProject.Logic.DataAccess.SetItems(Item item) 파일 D:\GitRepository\ParkProject\ERPProject\Logic\DataAccess.cs:줄 84
   위치: ERPProject.View.Product.AddItem.BtnAdd_Click(Object sender, RoutedEventArgs e) 파일 D:\GitRepository\ParkProject\ERPProject\View\Product\AddItem.xaml.cs:줄 178
[2021/05/30 17:59:08.550] [TID:1] [Error]: 예외발생 : System.Data.Entity.Infrastructure.DbUpdateException: An error occurred while updating the entries. See the inner exception for details. ---> System.Data.Entity.Core.UpdateException: An error occurred while updating the entries. See the inner exception for details. ---> System.Data.SqlClient.SqlException: INSERT 문이 FOREIGN KEY 제약 조건 "FK_ItemBarcode"과(와) 충돌했습니다. 데이터베이스 "ERP", 테이블 "dbo.Barcode", column 'BarcodeID'에서 충돌이 발생했습니다.
문이 종료되었습니다.
   위치: System.Data.SqlClient.SqlConnection.OnError(SqlException exception, Boolean breakConnection, Action`1 wrapCloseInAction)
   위치: System.Data.SqlClient.SqlInternalConnection.OnError(SqlException exception, Boolean breakConnection, Action`1 wrapCloseInAction)
   위치: System.Data.SqlClient.TdsParser.ThrowExceptionAndWarning(TdsParserStateObject stateObj, Boolean callerHasConnectionLock, Boolean asyncClose)
   위치: System.Data.SqlClient.TdsParser.TryRun(RunBehavior runBehavior, SqlCommand cmdHandler, SqlDataReader dataStream, BulkCopySimpleResultSet bulkCopyHandler, TdsParserStateObject stateObj, Boolean& dataReady)
   위치: System.Data.SqlClient.SqlDataReader.TryConsumeMetaData()
   위치: System.Data.SqlClient.SqlDataReader.get_MetaData()
   위치: System.Data.SqlClient.SqlCommand.FinishExecuteReader(SqlDataReader ds, RunBehavior runBehavior, String resetOptionsString, Boolean isInternal, Boolean forDescribeParameterEncryption, Boolean shouldCacheForAlwaysEncrypted)
   위치: System.Data.SqlClient.SqlCommand.RunExecuteReaderTds(CommandBehavior cmdBehavior, RunBehavior runBehavior, Boolean returnStream, Boolean async, Int32 timeout, Task& task, Boolean asyncWrite, Boolean inRetry, SqlDataReader ds, Boolean describeParameterEncryptionRequest)
   위치: System.Data.SqlClient.SqlCommand.RunExecuteReader(CommandBehavior cmdBehavior, RunBehavior runBehavior, Boolean returnStream, String method, TaskCompletionSource`1 completion, Int32 timeout, Task& task, Boolean& usedCache, Boolean asyncWrite, Boolean inRetry)
   위치: System.Data.SqlClient.SqlCommand.RunExecuteReader(CommandBehavior cmdBehavior, RunBehavior runBehavior, Boolean returnStream, String method)
   위치: System.Data.SqlClient.SqlCommand.ExecuteReader(CommandBehavior behavior, String method)
   위치: System.Data.SqlClient.SqlCommand.ExecuteDbDataReader(CommandBehavior behavior)
   위치: System.Data.Common.DbCommand.ExecuteReader(CommandBehavior behavior)
   위치: System.Data.Entity.Infrastructure.Interception.DbCommandDispatcher.<>c.<Reader>b__6_0(DbCommand t, DbCommandInterceptionContext`1 c)
   위치: System.Data.Entity.Infrastructure.Interception.InternalDispatcher`1.Dispatch[TTarget,TInterceptionContext,TResult](TTarget target, Func`3 operation, TInterceptionContext interceptionContext, Action`3 executing, Action`3 executed)
   위치: System.Data.Entity.Infrastructure.Interception.DbCommandDispatcher.Reader(DbCommand command, DbCommandInterceptionContext interceptionContext)
   위치: System.Data.Entity.Internal.InterceptableDbCommand.ExecuteDbDataReader(CommandBehavior behavior)
   위치: System.Data.Common.DbCommand.ExecuteReader(CommandBehavior behavior)
   위치: System.Data.Entity.Core.Mapping.Update.Internal.DynamicUpdateCommand.Execute(Dictionary`2 identifierValues, List`1 generatedValues)
   위치: System.Data.Entity.Core.Mapping.Update.Internal.UpdateTranslator.Update()
   --- 내부 예외 스택 추적의 끝 ---
   위치: System.Data.Entity.Core.Mapping.Update.Internal.UpdateTranslator.Update()
   위치: System.Data.Entity.Core.EntityClient.Internal.EntityAdapter.<>c.<Update>b__21_0(UpdateTranslator ut)
   위치: System.Data.Entity.Core.EntityClient.Internal.EntityAdapter.Update[T](T noChangesResult, Func`2 updateFunction)
   위치: System.Data.Entity.Core.EntityClient.Internal.EntityAdapter.Update()
   위치: System.Data.Entity.Core.Objects.ObjectContext.<SaveChangesToStore>b__153_0()
   위치: System.Data.Entity.Core.Objects.ObjectContext.ExecuteInTransaction[T](Func`1 func, IDbExecutionStrategy executionStrategy, Boolean startLocalTransaction, Boolean releaseConnectionOnSuccess)
   위치: System.Data.Entity.Core.Objects.ObjectContext.SaveChangesToStore(SaveOptions options, IDbExecutionStrategy executionStrategy, Boolean startLocalTransaction)
   위치: System.Data.Entity.Core.Objects.ObjectContext.<>c__DisplayClass148_0.<SaveChangesInternal>b__0()
   위치: System.Data.Entity.SqlServer.DefaultSqlExecutionStrategy.Execute[TResult](Func`1 operation)
   위치: System.Data.Entity.Core.Objects.ObjectContext.SaveChangesInternal(SaveOptions options, Boolean executeInExistingTransaction)
   위치: System.Data.Entity.Core.Objects.ObjectContext.SaveChanges(SaveOptions options)
   위치: System.Data.Entity.Internal.InternalContext.SaveChanges()
   --- 내부 예외 스택 추적의 끝 ---
   위치: System.Data.Entity.Internal.InternalContext.SaveChanges()
   위치: System.Data.Entity.Internal.LazyInternalContext.SaveChanges()
   위치: System.Data.Entity.DbContext.SaveChanges()
   위치: ERPProject.Logic.DataAccess.SetItems(Item item) 파일 D:\GitRepository\ParkProject\ERPProject\Logic\DataAccess.cs:줄 84
   위치: ERPProject.View.Product.AddItem.BtnAdd_Click(Object sender, RoutedEventArgs e) 파일 D:\GitRepository\ParkProject\ERPProject\View\Product\AddItem.xaml.cs:줄 178
[2021/05/30 17:59:08.697] [TID:1] [Error]: 예외발생 : System.Data.Entity.Infrastructure.DbUpdateException: An error occurred while updating the entries. See the inner exception for details. ---> System.Data.Entity.Core.UpdateException: An error occurred while updating the entries. See the inner exception for details. ---> System.Data.SqlClient.SqlException: INSERT 문이 FOREIGN KEY 제약 조건 "FK_ItemBarcode"과(와) 충돌했습니다. 데이터베이스 "ERP", 테이블 "dbo.Barcode", column 'BarcodeID'에서 충돌이 발생했습니다.
문이 종료되었습니다.
   위치: System.Data.SqlClient.SqlConnection.OnError(SqlException exception, Boolean breakConnection, Action`1 wrapCloseInAction)
   위치: System.Data.SqlClient.SqlInternalConnection.OnError(SqlException exception, Boolean breakConnection, Action`1 wrapCloseInAction)
   위치: System.Data.SqlClient.TdsParser.ThrowExceptionAndWarning(TdsParserStateObject stateObj, Boolean callerHasConnectionLock, Boolean asyncClose)
   위치: System.Data.SqlClient.TdsParser.TryRun(RunBehavior runBehavior, SqlCommand cmdHandler, SqlDataReader dataStream, BulkCopySimpleResultSet bulkCopyHandler, TdsParserStateObject stateObj, Boolean& dataReady)
   위치: System.Data.SqlClient.SqlDataReader.TryConsumeMetaData()
   위치: System.Data.SqlClient.SqlDataReader.get_MetaData()
   위치: System.Data.SqlClient.SqlCommand.FinishExecuteReader(SqlDataReader ds, RunBehavior runBehavior, String resetOptionsString, Boolean isInternal, Boolean forDescribeParameterEncryption, Boolean shouldCacheForAlwaysEncrypted)
   위치: System.Data.SqlClient.SqlCommand.RunExecuteReaderTds(CommandBehavior cmdBehavior, RunBehavior runBehavior, Boolean returnStream, Boolean async, Int32 timeout, Task& task, Boolean asyncWrite, Boolean inRetry, SqlDataReader ds, Boolean describeParameterEncryptionRequest)
   위치: System.Data.SqlClient.SqlCommand.RunExecuteReader(CommandBehavior cmdBehavior, RunBehavior runBehavior, Boolean returnStream, String method, TaskCompletionSource`1 completion, Int32 timeout, Task& task, Boolean& usedCache, Boolean asyncWrite, Boolean inRetry)
   위치: System.Data.SqlClient.SqlCommand.RunExecuteReader(CommandBehavior cmdBehavior, RunBehavior runBehavior, Boolean returnStream, String method)
   위치: System.Data.SqlClient.SqlCommand.ExecuteReader(CommandBehavior behavior, String method)
   위치: System.Data.SqlClient.SqlCommand.ExecuteDbDataReader(CommandBehavior behavior)
   위치: System.Data.Common.DbCommand.ExecuteReader(CommandBehavior behavior)
   위치: System.Data.Entity.Infrastructure.Interception.DbCommandDispatcher.<>c.<Reader>b__6_0(DbCommand t, DbCommandInterceptionContext`1 c)
   위치: System.Data.Entity.Infrastructure.Interception.InternalDispatcher`1.Dispatch[TTarget,TInterceptionContext,TResult](TTarget target, Func`3 operation, TInterceptionContext interceptionContext, Action`3 executing, Action`3 executed)
   위치: System.Data.Entity.Infrastructure.Interception.DbCommandDispatcher.Reader(DbCommand command, DbCommandInterceptionContext interceptionContext)
   위치: System.Data.Entity.Internal.InterceptableDbCommand.ExecuteDbDataReader(CommandBehavior behavior)
   위치: System.Data.Common.DbCommand.ExecuteReader(CommandBehavior behavior)
   위치: System.Data.Entity.Core.Mapping.Update.Internal.DynamicUpdateCommand.Execute(Dictionary`2 identifierValues, List`1 generatedValues)
   위치: System.Data.Entity.Core.Mapping.Update.Internal.UpdateTranslator.Update()
   --- 내부 예외 스택 추적의 끝 ---
   위치: System.Data.Entity.Core.Mapping.Update.Internal.UpdateTranslator.Update()
   위치: System.Data.Entity.Core.EntityClient.Internal.EntityAdapter.<>c.<Update>b__21_0(UpdateTranslator ut)
   위치: System.Data.Entity.Core.EntityClient.Internal.EntityAdapter.Update[T](T noChangesResult, Func`2 updateFunction)
   위치: System.Data.Entity.Core.EntityClient.Internal.EntityAdapter.Update()
   위치: System.Data.Entity.Core.Objects.ObjectContext.<SaveChangesToStore>b__153_0()
   위치: System.Data.Entity.Core.Objects.ObjectContext.ExecuteInTransaction[T](Func`1 func, IDbExecutionStrategy executionStrategy, Boolean startLocalTransaction, Boolean releaseConnectionOnSuccess)
   위치: System.Data.Entity.Core.Objects.ObjectContext.SaveChangesToStore(SaveOptions options, IDbExecutionStrategy executionStrategy, Boolean startLocalTransaction)
   위치: System.Data.Entity.Core.Objects.ObjectContext.<>c__DisplayClass148_0.<SaveChangesInternal>b__0()
   위치: System.Data.Entity.SqlServer.DefaultSqlExecutionStrategy.Execute[TResult](Func`1 operation)
   위치: System.Data.Entity.Core.Objects.ObjectContext.SaveChangesInternal(SaveOptions options, Boolean executeInExistingTransaction)
   위치: System.Data.Entity.Core.Objects.ObjectContext.SaveChanges(SaveOptions options)
   위치: System.Data.Entity.Internal.InternalContext.SaveChanges()
   --- 내부 예외 스택 추적의 끝 ---
   위치: System.Data.Entity.Internal.InternalContext.SaveChanges()
   위치: System.Data.Entity.Internal.LazyInternalContext.SaveChanges()
   위치: System.Data.Entity.DbContext.SaveChanges()
   위치: ERPProject.Logic.DataAccess.SetItems(Item item) 파일 D:\GitRepository\ParkProject\ERPProject\Logic\DataAccess.cs:줄 84
   위치: ERPProject.View.Product.AddItem.BtnAdd_Click(Object sender, RoutedEventArgs e) 파일 D:\GitRepository\ParkProject\ERPProject\View\Product\AddItem.xaml.cs:줄 178
[2021/05/30 17:59:10.152] [TID:1] [Error]: 예외발생 : System.Data.Entity.Infrastructure.DbUpdateException: An error occurred while updating the entries. See the inner exception for details. ---> System.Data.Entity.Core.UpdateException: An error occurred while updating the entries. See the inner exception for details. ---> System.Data.SqlClient.SqlException: INSERT 문이 FOREIGN KEY 제약 조건 "FK_ItemBarcode"과(와) 충돌했습니다. 데이터베이스 "ERP", 테이블 "dbo.Barcode", column 'BarcodeID'에서 충돌이 발생했습니다.
문이 종료되었습니다.
   위치: System.Data.SqlClient.SqlConnection.OnError(SqlException exception, Boolean breakConnection, Action`1 wrapCloseInAction)
   위치: System.Data.SqlClient.SqlInternalConnection.OnError(SqlException exception, Boolean breakConnection, Action`1 wrapCloseInAction)
   위치: System.Data.SqlClient.TdsParser.ThrowExceptionAndWarning(TdsParserStateObject stateObj, Boolean callerHasConnectionLock, Boolean asyncClose)
   위치: System.Data.SqlClient.TdsParser.TryRun(RunBehavior runBehavior, SqlCommand cmdHandler, SqlDataReader dataStream, BulkCopySimpleResultSet bulkCopyHandler, TdsParserStateObject stateObj, Boolean& dataReady)
   위치: System.Data.SqlClient.SqlDataReader.TryConsumeMetaData()
   위치: System.Data.SqlClient.SqlDataReader.get_MetaData()
   위치: System.Data.SqlClient.SqlCommand.FinishExecuteReader(SqlDataReader ds, RunBehavior runBehavior, String resetOptionsString, Boolean isInternal, Boolean forDescribeParameterEncryption, Boolean shouldCacheForAlwaysEncrypted)
   위치: System.Data.SqlClient.SqlCommand.RunExecuteReaderTds(CommandBehavior cmdBehavior, RunBehavior runBehavior, Boolean returnStream, Boolean async, Int32 timeout, Task& task, Boolean asyncWrite, Boolean inRetry, SqlDataReader ds, Boolean describeParameterEncryptionRequest)
   위치: System.Data.SqlClient.SqlCommand.RunExecuteReader(CommandBehavior cmdBehavior, RunBehavior runBehavior, Boolean returnStream, String method, TaskCompletionSource`1 completion, Int32 timeout, Task& task, Boolean& usedCache, Boolean asyncWrite, Boolean inRetry)
   위치: System.Data.SqlClient.SqlCommand.RunExecuteReader(CommandBehavior cmdBehavior, RunBehavior runBehavior, Boolean returnStream, String method)
   위치: System.Data.SqlClient.SqlCommand.ExecuteReader(CommandBehavior behavior, String method)
   위치: System.Data.SqlClient.SqlCommand.ExecuteDbDataReader(CommandBehavior behavior)
   위치: System.Data.Common.DbCommand.ExecuteReader(CommandBehavior behavior)
   위치: System.Data.Entity.Infrastructure.Interception.DbCommandDispatcher.<>c.<Reader>b__6_0(DbCommand t, DbCommandInterceptionContext`1 c)
   위치: System.Data.Entity.Infrastructure.Interception.InternalDispatcher`1.Dispatch[TTarget,TInterceptionContext,TResult](TTarget target, Func`3 operation, TInterceptionContext interceptionContext, Action`3 executing, Action`3 executed)
   위치: System.Data.Entity.Infrastructure.Interception.DbCommandDispatcher.Reader(DbCommand command, DbCommandInterceptionContext interceptionContext)
   위치: System.Data.Entity.Internal.InterceptableDbCommand.ExecuteDbDataReader(CommandBehavior behavior)
   위치: System.Data.Common.DbCommand.ExecuteReader(CommandBehavior behavior)
   위치: System.Data.Entity.Core.Mapping.Update.Internal.DynamicUpdateCommand.Execute(Dictionary`2 identifierValues, List`1 generatedValues)
   위치: System.Data.Entity.Core.Mapping.Update.Internal.UpdateTranslator.Update()
   --- 내부 예외 스택 추적의 끝 ---
   위치: System.Data.Entity.Core.Mapping.Update.Internal.UpdateTranslator.Update()
   위치: System.Data.Entity.Core.EntityClient.Internal.EntityAdapter.<>c.<Update>b__21_0(UpdateTranslator ut)
   위치: System.Data.Entity.Core.EntityClient.Internal.EntityAdapter.Update[T](T noChangesResult, Func`2 updateFunction)
   위치: System.Data.Entity.Core.EntityClient.Internal.EntityAdapter.Update()
   위치: System.Data.Entity.Core.Objects.ObjectContext.<SaveChangesToStore>b__153_0()
   위치: System.Data.Entity.Core.Objects.ObjectContext.ExecuteInTransaction[T](Func`1 func, IDbExecutionStrategy executionStrategy, Boolean startLocalTransaction, Boolean releaseConnectionOnSuccess)
   위치: System.Data.Entity.Core.Objects.ObjectContext.SaveChangesToStore(SaveOptions options, IDbExecutionStrategy executionStrategy, Boolean startLocalTransaction)
   위치: System.Data.Entity.Core.Objects.ObjectContext.<>c__DisplayClass148_0.<SaveChangesInternal>b__0()
   위치: System.Data.Entity.SqlServer.DefaultSqlExecutionStrategy.Execute[TResult](Func`1 operation)
   위치: System.Data.Entity.Core.Objects.ObjectContext.SaveChangesInternal(SaveOptions options, Boolean executeInExistingTransaction)
   위치: System.Data.Entity.Core.Objects.ObjectContext.SaveChanges(SaveOptions options)
   위치: System.Data.Entity.Internal.InternalContext.SaveChanges()
   --- 내부 예외 스택 추적의 끝 ---
   위치: System.Data.Entity.Internal.InternalContext.SaveChanges()
   위치: System.Data.Entity.Internal.LazyInternalContext.SaveChanges()
   위치: System.Data.Entity.DbContext.SaveChanges()
   위치: ERPProject.Logic.DataAccess.SetItems(Item item) 파일 D:\GitRepository\ParkProject\ERPProject\Logic\DataAccess.cs:줄 84
   위치: ERPProject.View.Product.AddItem.BtnAdd_Click(Object sender, RoutedEventArgs e) 파일 D:\GitRepository\ParkProject\ERPProject\View\Product\AddItem.xaml.cs:줄 178
[2021/05/30 17:59:10.360] [TID:1] [Error]: 예외발생 : System.Data.Entity.Infrastructure.DbUpdateException: An error occurred while updating the entries. See the inner exception for details. ---> System.Data.Entity.Core.UpdateException: An error occurred while updating the entries. See the inner exception for details. ---> System.Data.SqlClient.SqlException: INSERT 문이 FOREIGN KEY 제약 조건 "FK_ItemBarcode"과(와) 충돌했습니다. 데이터베이스 "ERP", 테이블 "dbo.Barcode", column 'BarcodeID'에서 충돌이 발생했습니다.
문이 종료되었습니다.
   위치: System.Data.SqlClient.SqlConnection.OnError(SqlException exception, Boolean breakConnection, Action`1 wrapCloseInAction)
   위치: System.Data.SqlClient.SqlInternalConnection.OnError(SqlException exception, Boolean breakConnection, Action`1 wrapCloseInAction)
   위치: System.Data.SqlClient.TdsParser.ThrowExceptionAndWarning(TdsParserStateObject stateObj, Boolean callerHasConnectionLock, Boolean asyncClose)
   위치: System.Data.SqlClient.TdsParser.TryRun(RunBehavior runBehavior, SqlCommand cmdHandler, SqlDataReader dataStream, BulkCopySimpleResultSet bulkCopyHandler, TdsParserStateObject stateObj, Boolean& dataReady)
   위치: System.Data.SqlClient.SqlDataReader.TryConsumeMetaData()
   위치: System.Data.SqlClient.SqlDataReader.get_MetaData()
   위치: System.Data.SqlClient.SqlCommand.FinishExecuteReader(SqlDataReader ds, RunBehavior runBehavior, String resetOptionsString, Boolean isInternal, Boolean forDescribeParameterEncryption, Boolean shouldCacheForAlwaysEncrypted)
   위치: System.Data.SqlClient.SqlCommand.RunExecuteReaderTds(CommandBehavior cmdBehavior, RunBehavior runBehavior, Boolean returnStream, Boolean async, Int32 timeout, Task& task, Boolean asyncWrite, Boolean inRetry, SqlDataReader ds, Boolean describeParameterEncryptionRequest)
   위치: System.Data.SqlClient.SqlCommand.RunExecuteReader(CommandBehavior cmdBehavior, RunBehavior runBehavior, Boolean returnStream, String method, TaskCompletionSource`1 completion, Int32 timeout, Task& task, Boolean& usedCache, Boolean asyncWrite, Boolean inRetry)
   위치: System.Data.SqlClient.SqlCommand.RunExecuteReader(CommandBehavior cmdBehavior, RunBehavior runBehavior, Boolean returnStream, String method)
   위치: System.Data.SqlClient.SqlCommand.ExecuteReader(CommandBehavior behavior, String method)
   위치: System.Data.SqlClient.SqlCommand.ExecuteDbDataReader(CommandBehavior behavior)
   위치: System.Data.Common.DbCommand.ExecuteReader(CommandBehavior behavior)
   위치: System.Data.Entity.Infrastructure.Interception.DbCommandDispatcher.<>c.<Reader>b__6_0(DbCommand t, DbCommandInterceptionContext`1 c)
   위치: System.Data.Entity.Infrastructure.Interception.InternalDispatcher`1.Dispatch[TTarget,TInterceptionContext,TResult](TTarget target, Func`3 operation, TInterceptionContext interceptionContext, Action`3 executing, Action`3 executed)
   위치: System.Data.Entity.Infrastructure.Interception.DbCommandDispatcher.Reader(DbCommand command, DbCommandInterceptionContext interceptionContext)
   위치: System.Data.Entity.Internal.InterceptableDbCommand.ExecuteDbDataReader(CommandBehavior behavior)
   위치: System.Data.Common.DbCommand.ExecuteReader(CommandBehavior behavior)
   위치: System.Data.Entity.Core.Mapping.Update.Internal.DynamicUpdateCommand.Execute(Dictionary`2 identifierValues, List`1 generatedValues)
   위치: System.Data.Entity.Core.Mapping.Update.Internal.UpdateTranslator.Update()
   --- 내부 예외 스택 추적의 끝 ---
   위치: System.Data.Entity.Core.Mapping.Update.Internal.UpdateTranslator.Update()
   위치: System.Data.Entity.Core.EntityClient.Internal.EntityAdapter.<>c.<Update>b__21_0(UpdateTranslator ut)
   위치: System.Data.Entity.Core.EntityClient.Internal.EntityAdapter.Update[T](T noChangesResult, Func`2 updateFunction)
   위치: System.Data.Entity.Core.EntityClient.Internal.EntityAdapter.Update()
   위치: System.Data.Entity.Core.Objects.ObjectContext.<SaveChangesToStore>b__153_0()
   위치: System.Data.Entity.Core.Objects.ObjectContext.ExecuteInTransaction[T](Func`1 func, IDbExecutionStrategy executionStrategy, Boolean startLocalTransaction, Boolean releaseConnectionOnSuccess)
   위치: System.Data.Entity.Core.Objects.ObjectContext.SaveChangesToStore(SaveOptions options, IDbExecutionStrategy executionStrategy, Boolean startLocalTransaction)
   위치: System.Data.Entity.Core.Objects.ObjectContext.<>c__DisplayClass148_0.<SaveChangesInternal>b__0()
   위치: System.Data.Entity.SqlServer.DefaultSqlExecutionStrategy.Execute[TResult](Func`1 operation)
   위치: System.Data.Entity.Core.Objects.ObjectContext.SaveChangesInternal(SaveOptions options, Boolean executeInExistingTransaction)
   위치: System.Data.Entity.Core.Objects.ObjectContext.SaveChanges(SaveOptions options)
   위치: System.Data.Entity.Internal.InternalContext.SaveChanges()
   --- 내부 예외 스택 추적의 끝 ---
   위치: System.Data.Entity.Internal.InternalContext.SaveChanges()
   위치: System.Data.Entity.Internal.LazyInternalContext.SaveChanges()
   위치: System.Data.Entity.DbContext.SaveChanges()
   위치: ERPProject.Logic.DataAccess.SetItems(Item item) 파일 D:\GitRepository\ParkProject\ERPProject\Logic\DataAccess.cs:줄 84
   위치: ERPProject.View.Product.AddItem.BtnAdd_Click(Object sender, RoutedEventArgs e) 파일 D:\GitRepository\ParkProject\ERPProject\View\Product\AddItem.xaml.cs:줄 178
[2021/05/30 17:59:22.372] [TID:1] [Info]: guemin12@naver.com 접속성공
[2021/05/30 18:03:22.982] [TID:1] [Info]: guemin12@naver.com 접속성공
[2021/05/30 18:03:30.076] [TID:1] [Error]: 예외발생 : System.Data.Entity.Infrastructure.DbUpdateException: An error occurred while updating the entries. See the inner exception for details. ---> System.Data.Entity.Core.UpdateException: An error occurred while updating the entries. See the inner exception for details. ---> System.Data.SqlClient.SqlException: INSERT 문이 FOREIGN KEY 제약 조건 "FK_ItemBarcode"과(와) 충돌했습니다. 데이터베이스 "ERP", 테이블 "dbo.Barcode", column 'BarcodeID'에서 충돌이 발생했습니다.
문이 종료되었습니다.
   위치: System.Data.SqlClient.SqlConnection.OnError(SqlException exception, Boolean breakConnection, Action`1 wrapCloseInAction)
   위치: System.Data.SqlClient.SqlInternalConnection.OnError(SqlException exception, Boolean breakConnection, Action`1 wrapCloseInAction)
   위치: System.Data.SqlClient.TdsParser.ThrowExceptionAndWarning(TdsParserStateObject stateObj, Boolean callerHasConnectionLock, Boolean asyncClose)
   위치: System.Data.SqlClient.TdsParser.TryRun(RunBehavior runBehavior, SqlCommand cmdHandler, SqlDataReader dataStream, BulkCopySimpleResultSet bulkCopyHandler, TdsParserStateObject stateObj, Boolean& dataReady)
   위치: System.Data.SqlClient.SqlDataReader.TryConsumeMetaData()
   위치: System.Data.SqlClient.SqlDataReader.get_MetaData()
   위치: System.Data.SqlClient.SqlCommand.FinishExecuteReader(SqlDataReader ds, RunBehavior runBehavior, String resetOptionsString, Boolean isInternal, Boolean forDescribeParameterEncryption, Boolean shouldCacheForAlwaysEncrypted)
   위치: System.Data.SqlClient.SqlCommand.RunExecuteReaderTds(CommandBehavior cmdBehavior, RunBehavior runBehavior, Boolean returnStream, Boolean async, Int32 timeout, Task& task, Boolean asyncWrite, Boolean inRetry, SqlDataReader ds, Boolean describeParameterEncryptionRequest)
   위치: System.Data.SqlClient.SqlCommand.RunExecuteReader(CommandBehavior cmdBehavior, RunBehavior runBehavior, Boolean returnStream, String method, TaskCompletionSource`1 completion, Int32 timeout, Task& task, Boolean& usedCache, Boolean asyncWrite, Boolean inRetry)
   위치: System.Data.SqlClient.SqlCommand.RunExecuteReader(CommandBehavior cmdBehavior, RunBehavior runBehavior, Boolean returnStream, String method)
   위치: System.Data.SqlClient.SqlCommand.ExecuteReader(CommandBehavior behavior, String method)
   위치: System.Data.SqlClient.SqlCommand.ExecuteDbDataReader(CommandBehavior behavior)
   위치: System.Data.Common.DbCommand.ExecuteReader(CommandBehavior behavior)
   위치: System.Data.Entity.Infrastructure.Interception.DbCommandDispatcher.<>c.<Reader>b__6_0(DbCommand t, DbCommandInterceptionContext`1 c)
   위치: System.Data.Entity.Infrastructure.Interception.InternalDispatcher`1.Dispatch[TTarget,TInterceptionContext,TResult](TTarget target, Func`3 operation, TInterceptionContext interceptionContext, Action`3 executing, Action`3 executed)
   위치: System.Data.Entity.Infrastructure.Interception.DbCommandDispatcher.Reader(DbCommand command, DbCommandInterceptionContext interceptionContext)
   위치: System.Data.Entity.Internal.InterceptableDbCommand.ExecuteDbDataReader(CommandBehavior behavior)
   위치: System.Data.Common.DbCommand.ExecuteReader(CommandBehavior behavior)
   위치: System.Data.Entity.Core.Mapping.Update.Internal.DynamicUpdateCommand.Execute(Dictionary`2 identifierValues, List`1 generatedValues)
   위치: System.Data.Entity.Core.Mapping.Update.Internal.UpdateTranslator.Update()
   --- 내부 예외 스택 추적의 끝 ---
   위치: System.Data.Entity.Core.Mapping.Update.Internal.UpdateTranslator.Update()
   위치: System.Data.Entity.Core.EntityClient.Internal.EntityAdapter.<>c.<Update>b__21_0(UpdateTranslator ut)
   위치: System.Data.Entity.Core.EntityClient.Internal.EntityAdapter.Update[T](T noChangesResult, Func`2 updateFunction)
   위치: System.Data.Entity.Core.EntityClient.Internal.EntityAdapter.Update()
   위치: System.Data.Entity.Core.Objects.ObjectContext.<SaveChangesToStore>b__153_0()
   위치: System.Data.Entity.Core.Objects.ObjectContext.ExecuteInTransaction[T](Func`1 func, IDbExecutionStrategy executionStrategy, Boolean startLocalTransaction, Boolean releaseConnectionOnSuccess)
   위치: System.Data.Entity.Core.Objects.ObjectContext.SaveChangesToStore(SaveOptions options, IDbExecutionStrategy executionStrategy, Boolean startLocalTransaction)
   위치: System.Data.Entity.Core.Objects.ObjectContext.<>c__DisplayClass148_0.<SaveChangesInternal>b__0()
   위치: System.Data.Entity.SqlServer.DefaultSqlExecutionStrategy.Execute[TResult](Func`1 operation)
   위치: System.Data.Entity.Core.Objects.ObjectContext.SaveChangesInternal(SaveOptions options, Boolean executeInExistingTransaction)
   위치: System.Data.Entity.Core.Objects.ObjectContext.SaveChanges(SaveOptions options)
   위치: System.Data.Entity.Internal.InternalContext.SaveChanges()
   --- 내부 예외 스택 추적의 끝 ---
   위치: System.Data.Entity.Internal.InternalContext.SaveChanges()
   위치: System.Data.Entity.Internal.LazyInternalContext.SaveChanges()
   위치: System.Data.Entity.DbContext.SaveChanges()
   위치: ERPProject.Logic.DataAccess.SetItems(Item item) 파일 D:\GitRepository\ParkProject\ERPProject\Logic\DataAccess.cs:줄 84
   위치: ERPProject.View.Product.AddItem.BtnAdd_Click(Object sender, RoutedEventArgs e) 파일 D:\GitRepository\ParkProject\ERPProject\View\Product\AddItem.xaml.cs:줄 178
[2021/05/30 18:03:30.473] [TID:1] [Error]: 예외발생 : System.Data.Entity.Infrastructure.DbUpdateException: An error occurred while updating the entries. See the inner exception for details. ---> System.Data.Entity.Core.UpdateException: An error occurred while updating the entries. See the inner exception for details. ---> System.Data.SqlClient.SqlException: INSERT 문이 FOREIGN KEY 제약 조건 "FK_ItemBarcode"과(와) 충돌했습니다. 데이터베이스 "ERP", 테이블 "dbo.Barcode", column 'BarcodeID'에서 충돌이 발생했습니다.
문이 종료되었습니다.
   위치: System.Data.SqlClient.SqlConnection.OnError(SqlException exception, Boolean breakConnection, Action`1 wrapCloseInAction)
   위치: System.Data.SqlClient.SqlInternalConnection.OnError(SqlException exception, Boolean breakConnection, Action`1 wrapCloseInAction)
   위치: System.Data.SqlClient.TdsParser.ThrowExceptionAndWarning(TdsParserStateObject stateObj, Boolean callerHasConnectionLock, Boolean asyncClose)
   위치: System.Data.SqlClient.TdsParser.TryRun(RunBehavior runBehavior, SqlCommand cmdHandler, SqlDataReader dataStream, BulkCopySimpleResultSet bulkCopyHandler, TdsParserStateObject stateObj, Boolean& dataReady)
   위치: System.Data.SqlClient.SqlDataReader.TryConsumeMetaData()
   위치: System.Data.SqlClient.SqlDataReader.get_MetaData()
   위치: System.Data.SqlClient.SqlCommand.FinishExecuteReader(SqlDataReader ds, RunBehavior runBehavior, String resetOptionsString, Boolean isInternal, Boolean forDescribeParameterEncryption, Boolean shouldCacheForAlwaysEncrypted)
   위치: System.Data.SqlClient.SqlCommand.RunExecuteReaderTds(CommandBehavior cmdBehavior, RunBehavior runBehavior, Boolean returnStream, Boolean async, Int32 timeout, Task& task, Boolean asyncWrite, Boolean inRetry, SqlDataReader ds, Boolean describeParameterEncryptionRequest)
   위치: System.Data.SqlClient.SqlCommand.RunExecuteReader(CommandBehavior cmdBehavior, RunBehavior runBehavior, Boolean returnStream, String method, TaskCompletionSource`1 completion, Int32 timeout, Task& task, Boolean& usedCache, Boolean asyncWrite, Boolean inRetry)
   위치: System.Data.SqlClient.SqlCommand.RunExecuteReader(CommandBehavior cmdBehavior, RunBehavior runBehavior, Boolean returnStream, String method)
   위치: System.Data.SqlClient.SqlCommand.ExecuteReader(CommandBehavior behavior, String method)
   위치: System.Data.SqlClient.SqlCommand.ExecuteDbDataReader(CommandBehavior behavior)
   위치: System.Data.Common.DbCommand.ExecuteReader(CommandBehavior behavior)
   위치: System.Data.Entity.Infrastructure.Interception.DbCommandDispatcher.<>c.<Reader>b__6_0(DbCommand t, DbCommandInterceptionContext`1 c)
   위치: System.Data.Entity.Infrastructure.Interception.InternalDispatcher`1.Dispatch[TTarget,TInterceptionContext,TResult](TTarget target, Func`3 operation, TInterceptionContext interceptionContext, Action`3 executing, Action`3 executed)
   위치: System.Data.Entity.Infrastructure.Interception.DbCommandDispatcher.Reader(DbCommand command, DbCommandInterceptionContext interceptionContext)
   위치: System.Data.Entity.Internal.InterceptableDbCommand.ExecuteDbDataReader(CommandBehavior behavior)
   위치: System.Data.Common.DbCommand.ExecuteReader(CommandBehavior behavior)
   위치: System.Data.Entity.Core.Mapping.Update.Internal.DynamicUpdateCommand.Execute(Dictionary`2 identifierValues, List`1 generatedValues)
   위치: System.Data.Entity.Core.Mapping.Update.Internal.UpdateTranslator.Update()
   --- 내부 예외 스택 추적의 끝 ---
   위치: System.Data.Entity.Core.Mapping.Update.Internal.UpdateTranslator.Update()
   위치: System.Data.Entity.Core.EntityClient.Internal.EntityAdapter.<>c.<Update>b__21_0(UpdateTranslator ut)
   위치: System.Data.Entity.Core.EntityClient.Internal.EntityAdapter.Update[T](T noChangesResult, Func`2 updateFunction)
   위치: System.Data.Entity.Core.EntityClient.Internal.EntityAdapter.Update()
   위치: System.Data.Entity.Core.Objects.ObjectContext.<SaveChangesToStore>b__153_0()
   위치: System.Data.Entity.Core.Objects.ObjectContext.ExecuteInTransaction[T](Func`1 func, IDbExecutionStrategy executionStrategy, Boolean startLocalTransaction, Boolean releaseConnectionOnSuccess)
   위치: System.Data.Entity.Core.Objects.ObjectContext.SaveChangesToStore(SaveOptions options, IDbExecutionStrategy executionStrategy, Boolean startLocalTransaction)
   위치: System.Data.Entity.Core.Objects.ObjectContext.<>c__DisplayClass148_0.<SaveChangesInternal>b__0()
   위치: System.Data.Entity.SqlServer.DefaultSqlExecutionStrategy.Execute[TResult](Func`1 operation)
   위치: System.Data.Entity.Core.Objects.ObjectContext.SaveChangesInternal(SaveOptions options, Boolean executeInExistingTransaction)
   위치: System.Data.Entity.Core.Objects.ObjectContext.SaveChanges(SaveOptions options)
   위치: System.Data.Entity.Internal.InternalContext.SaveChanges()
   --- 내부 예외 스택 추적의 끝 ---
   위치: System.Data.Entity.Internal.InternalContext.SaveChanges()
   위치: System.Data.Entity.Internal.LazyInternalContext.SaveChanges()
   위치: System.Data.Entity.DbContext.SaveChanges()
   위치: ERPProject.Logic.DataAccess.SetItems(Item item) 파일 D:\GitRepository\ParkProject\ERPProject\Logic\DataAccess.cs:줄 84
   위치: ERPProject.View.Product.AddItem.BtnAdd_Click(Object sender, RoutedEventArgs e) 파일 D:\GitRepository\ParkProject\ERPProject\View\Product\AddItem.xaml.cs:줄 178
[2021/05/30 18:03:30.641] [TID:1] [Error]: 예외발생 : System.Data.Entity.Infrastructure.DbUpdateException: An error occurred while updating the entries. See the inner exception for details. ---> System.Data.Entity.Core.UpdateException: An error occurred while updating the entries. See the inner exception for details. ---> System.Data.SqlClient.SqlException: INSERT 문이 FOREIGN KEY 제약 조건 "FK_ItemBarcode"과(와) 충돌했습니다. 데이터베이스 "ERP", 테이블 "dbo.Barcode", column 'BarcodeID'에서 충돌이 발생했습니다.
문이 종료되었습니다.
   위치: System.Data.SqlClient.SqlConnection.OnError(SqlException exception, Boolean breakConnection, Action`1 wrapCloseInAction)
   위치: System.Data.SqlClient.SqlInternalConnection.OnError(SqlException exception, Boolean breakConnection, Action`1 wrapCloseInAction)
   위치: System.Data.SqlClient.TdsParser.ThrowExceptionAndWarning(TdsParserStateObject stateObj, Boolean callerHasConnectionLock, Boolean asyncClose)
   위치: System.Data.SqlClient.TdsParser.TryRun(RunBehavior runBehavior, SqlCommand cmdHandler, SqlDataReader dataStream, BulkCopySimpleResultSet bulkCopyHandler, TdsParserStateObject stateObj, Boolean& dataReady)
   위치: System.Data.SqlClient.SqlDataReader.TryConsumeMetaData()
   위치: System.Data.SqlClient.SqlDataReader.get_MetaData()
   위치: System.Data.SqlClient.SqlCommand.FinishExecuteReader(SqlDataReader ds, RunBehavior runBehavior, String resetOptionsString, Boolean isInternal, Boolean forDescribeParameterEncryption, Boolean shouldCacheForAlwaysEncrypted)
   위치: System.Data.SqlClient.SqlCommand.RunExecuteReaderTds(CommandBehavior cmdBehavior, RunBehavior runBehavior, Boolean returnStream, Boolean async, Int32 timeout, Task& task, Boolean asyncWrite, Boolean inRetry, SqlDataReader ds, Boolean describeParameterEncryptionRequest)
   위치: System.Data.SqlClient.SqlCommand.RunExecuteReader(CommandBehavior cmdBehavior, RunBehavior runBehavior, Boolean returnStream, String method, TaskCompletionSource`1 completion, Int32 timeout, Task& task, Boolean& usedCache, Boolean asyncWrite, Boolean inRetry)
   위치: System.Data.SqlClient.SqlCommand.RunExecuteReader(CommandBehavior cmdBehavior, RunBehavior runBehavior, Boolean returnStream, String method)
   위치: System.Data.SqlClient.SqlCommand.ExecuteReader(CommandBehavior behavior, String method)
   위치: System.Data.SqlClient.SqlCommand.ExecuteDbDataReader(CommandBehavior behavior)
   위치: System.Data.Common.DbCommand.ExecuteReader(CommandBehavior behavior)
   위치: System.Data.Entity.Infrastructure.Interception.DbCommandDispatcher.<>c.<Reader>b__6_0(DbCommand t, DbCommandInterceptionContext`1 c)
   위치: System.Data.Entity.Infrastructure.Interception.InternalDispatcher`1.Dispatch[TTarget,TInterceptionContext,TResult](TTarget target, Func`3 operation, TInterceptionContext interceptionContext, Action`3 executing, Action`3 executed)
   위치: System.Data.Entity.Infrastructure.Interception.DbCommandDispatcher.Reader(DbCommand command, DbCommandInterceptionContext interceptionContext)
   위치: System.Data.Entity.Internal.InterceptableDbCommand.ExecuteDbDataReader(CommandBehavior behavior)
   위치: System.Data.Common.DbCommand.ExecuteReader(CommandBehavior behavior)
   위치: System.Data.Entity.Core.Mapping.Update.Internal.DynamicUpdateCommand.Execute(Dictionary`2 identifierValues, List`1 generatedValues)
   위치: System.Data.Entity.Core.Mapping.Update.Internal.UpdateTranslator.Update()
   --- 내부 예외 스택 추적의 끝 ---
   위치: System.Data.Entity.Core.Mapping.Update.Internal.UpdateTranslator.Update()
   위치: System.Data.Entity.Core.EntityClient.Internal.EntityAdapter.<>c.<Update>b__21_0(UpdateTranslator ut)
   위치: System.Data.Entity.Core.EntityClient.Internal.EntityAdapter.Update[T](T noChangesResult, Func`2 updateFunction)
   위치: System.Data.Entity.Core.EntityClient.Internal.EntityAdapter.Update()
   위치: System.Data.Entity.Core.Objects.ObjectContext.<SaveChangesToStore>b__153_0()
   위치: System.Data.Entity.Core.Objects.ObjectContext.ExecuteInTransaction[T](Func`1 func, IDbExecutionStrategy executionStrategy, Boolean startLocalTransaction, Boolean releaseConnectionOnSuccess)
   위치: System.Data.Entity.Core.Objects.ObjectContext.SaveChangesToStore(SaveOptions options, IDbExecutionStrategy executionStrategy, Boolean startLocalTransaction)
   위치: System.Data.Entity.Core.Objects.ObjectContext.<>c__DisplayClass148_0.<SaveChangesInternal>b__0()
   위치: System.Data.Entity.SqlServer.DefaultSqlExecutionStrategy.Execute[TResult](Func`1 operation)
   위치: System.Data.Entity.Core.Objects.ObjectContext.SaveChangesInternal(SaveOptions options, Boolean executeInExistingTransaction)
   위치: System.Data.Entity.Core.Objects.ObjectContext.SaveChanges(SaveOptions options)
   위치: System.Data.Entity.Internal.InternalContext.SaveChanges()
   --- 내부 예외 스택 추적의 끝 ---
   위치: System.Data.Entity.Internal.InternalContext.SaveChanges()
   위치: System.Data.Entity.Internal.LazyInternalContext.SaveChanges()
   위치: System.Data.Entity.DbContext.SaveChanges()
   위치: ERPProject.Logic.DataAccess.SetItems(Item item) 파일 D:\GitRepository\ParkProject\ERPProject\Logic\DataAccess.cs:줄 84
   위치: ERPProject.View.Product.AddItem.BtnAdd_Click(Object sender, RoutedEventArgs e) 파일 D:\GitRepository\ParkProject\ERPProject\View\Product\AddItem.xaml.cs:줄 178
[2021/05/30 18:04:01.257] [TID:1] [Info]: guemin12@naver.com 접속성공
[2021/05/30 18:17:45.969] [TID:1] [Info]: guemin12@naver.com 접속성공
[2021/05/30 18:25:18.155] [TID:1] [Info]: guemin12@naver.com 접속성공
[2021/05/30 18:41:46.642] [TID:1] [Info]: guemin12@naver.com 접속성공
[2021/05/30 18:42:20.456] [TID:1] [Info]: guemin12@naver.com 접속성공
[2021/05/30 18:43:17.260] [TID:1] [Info]: guemin12@naver.com 접속성공
[2021/05/30 18:44:52.524] [TID:1] [Info]: guemin12@naver.com 접속성공
[2021/05/30 18:45:27.290] [TID:1] [Info]: guemin12@naver.com 접속성공
[2021/05/30 18:51:47.948] [TID:1] [Info]: guemin12@naver.com 접속성공
[2021/05/30 18:51:53.573] [TID:1] [Error]: AddStore.xaml.cs 창고 정보 저장오류 발생
[2021/05/30 18:52:04.130] [TID:1] [Info]: 프로그램 종료
[2021/05/30 18:52:29.509] [TID:1] [Info]: guemin12@naver.com 접속성공
[2021/05/30 18:54:40.960] [TID:1] [Info]: guemin12@naver.com 접속성공
[2021/05/30 18:55:56.030] [TID:1] [Info]: guemin12@naver.com 접속성공
[2021/05/30 18:57:11.298] [TID:1] [Info]: guemin12@naver.com 접속성공
[2021/05/30 18:58:28.711] [TID:1] [Info]: guemin12@naver.com 접속성공
[2021/05/30 18:59:08.684] [TID:1] [Info]: guemin12@naver.com 접속성공
[2021/05/30 19:01:04.835] [TID:1] [Info]: guemin12@naver.com 접속성공
[2021/05/30 19:02:25.036] [TID:1] [Info]: guemin12@naver.com 접속성공
[2021/05/30 19:03:44.011] [TID:1] [Info]: guemin12@naver.com 접속성공
[2021/05/30 19:06:27.794] [TID:1] [Info]: 프로그램 종료
[2021/05/30 19:06:47.989] [TID:1] [Info]: guemin12@naver.com 접속성공
[2021/05/30 19:07:19.760] [TID:1] [Info]: guemin12@naver.com 접속성공
[2021/05/30 19:08:41.576] [TID:1] [Info]: guemin12@naver.com 접속성공
[2021/05/30 19:12:19.865] [TID:1] [Info]: 프로그램 종료
[2021/05/30 19:12:30.281] [TID:1] [Info]: guemin12@naver.com 접속성공
[2021/05/30 19:13:43.175] [TID:1] [Info]: guemin12@naver.com 접속성공
[2021/05/30 19:18:03.868] [TID:1] [Info]: guemin12@naver.com 접속성공
[2021/05/30 19:19:26.800] [TID:1] [Info]: guemin12@naver.com 접속성공
[2021/05/30 19:20:55.601] [TID:1] [Info]: guemin12@naver.com 접속성공
[2021/05/30 19:22:10.552] [TID:1] [Info]: guemin12@naver.com 접속성공
[2021/05/30 19:23:11.079] [TID:1] [Info]: guemin12@naver.com 접속성공
[2021/05/30 19:23:52.381] [TID:1] [Info]: guemin12@naver.com 접속성공
[2021/05/30 19:24:44.426] [TID:1] [Info]: guemin12@naver.com 접속성공
[2021/05/30 19:25:47.018] [TID:1] [Info]: guemin12@naver.com 접속성공
[2021/05/30 19:26:42.088] [TID:1] [Info]: guemin12@naver.com 접속성공
[2021/05/30 19:27:13.679] [TID:1] [Info]: 프로그램 종료
