[2021/06/11 13:16:01.259] [TID:1] [Info]: guemin12@naver.com 접속성공
[2021/06/11 17:49:49.512] [TID:1] [Info]: guemin12@naver.com 접속성공
[2021/06/11 17:50:04.235] [TID:1] [Info]: 프로그램 종료
[2021/06/11 17:57:29.236] [TID:1] [Info]: guemin12@naver.com 접속성공
[2021/06/11 17:58:25.444] [TID:1] [Info]: guemin12@naver.com 접속성공
[2021/06/11 18:00:00.968] [TID:1] [Info]: guemin12@naver.com 접속성공
[2021/06/11 18:00:15.481] [TID:1] [Info]: 프로그램 종료
[2021/06/11 18:04:42.702] [TID:1] [Info]: guemin12@naver.com 접속성공
[2021/06/11 18:07:14.186] [TID:1] [Info]: 프로그램 종료
[2021/06/11 18:11:09.556] [TID:1] [Info]: guemin12@naver.com 접속성공
[2021/06/11 18:25:33.904] [TID:1] [Info]: guemin12@naver.com 접속성공
[2021/06/11 18:26:25.011] [TID:1] [Info]: guemin12@naver.com 접속성공
[2021/06/11 18:27:32.544] [TID:1] [Info]: guemin12@naver.com 접속성공
[2021/06/11 18:28:29.475] [TID:1] [Info]: guemin12@naver.com 접속성공
[2021/06/11 18:35:54.472] [TID:1] [Info]: guemin12@naver.com 접속성공
[2021/06/11 18:37:51.995] [TID:1] [Info]: guemin12@naver.com 접속성공
[2021/06/11 18:38:25.145] [TID:1] [Error]: 예외발생 BtnEditStore_Click : System.NullReferenceException: 개체 참조가 개체의 인스턴스로 설정되지 않았습니다.
   위치: ERPProject.View.Stock.StockList.BtnEditItem_Click(Object sender, RoutedEventArgs e) 파일 C:\Users\PKNU\Desktop\MiniProject_Gumin\ERPProject\View\Stock\StockList.xaml.cs:줄 72
[2021/06/11 18:49:21.411] [TID:1] [Info]: guemin12@naver.com 접속성공
[2021/06/11 18:49:24.742] [TID:1] [Error]: 예외발생 BtnEditStore_Click : System.NullReferenceException: 개체 참조가 개체의 인스턴스로 설정되지 않았습니다.
   위치: ERPProject.View.Stock.StockList.BtnEditItem_Click(Object sender, RoutedEventArgs e) 파일 C:\Users\PKNU\Desktop\MiniProject_Gumin\ERPProject\View\Stock\StockList.xaml.cs:줄 72
[2021/06/11 18:50:10.323] [TID:1] [Info]: guemin12@naver.com 접속성공
[2021/06/11 18:50:31.111] [TID:1] [Error]: 예외발생 BtnEditStore_Click : System.NullReferenceException: 개체 참조가 개체의 인스턴스로 설정되지 않았습니다.
   위치: ERPProject.View.Stock.StockList.BtnEditItem_Click(Object sender, RoutedEventArgs e) 파일 C:\Users\PKNU\Desktop\MiniProject_Gumin\ERPProject\View\Stock\StockList.xaml.cs:줄 72
[2021/06/11 18:51:22.572] [TID:1] [Info]: guemin12@naver.com 접속성공
[2021/06/11 18:53:26.884] [TID:1] [Info]: guemin12@naver.com 접속성공
[2021/06/11 18:55:21.689] [TID:1] [Info]: guemin12@naver.com 접속성공
[2021/06/11 19:02:15.960] [TID:1] [Info]: guemin12@naver.com 접속성공
[2021/06/11 19:03:15.417] [TID:1] [Info]: guemin12@naver.com 접속성공
[2021/06/11 19:33:46.915] [TID:1] [Info]: guemin12@naver.com 접속성공
[2021/06/11 19:34:37.927] [TID:1] [Error]: 예외발생 AddStock Loaded : System.NullReferenceException: 개체 참조가 개체의 인스턴스로 설정되지 않았습니다.
   위치: ERPProject.View.Stock.EditStock.Page_Loaded(Object sender, RoutedEventArgs e) 파일 C:\Users\PKNU\Desktop\MiniProject_Gumin\ERPProject\View\Stock\EditStock.xaml.cs:줄 48
[2021/06/11 19:37:13.559] [TID:1] [Info]: 프로그램 종료
[2021/06/11 19:37:21.394] [TID:1] [Info]: 프로그램 종료
[2021/06/11 19:37:43.531] [TID:1] [Info]: guemin12@naver.com 접속성공
[2021/06/11 19:37:48.335] [TID:1] [Error]: 예외발생 AddStock Loaded : System.NullReferenceException: 개체 참조가 개체의 인스턴스로 설정되지 않았습니다.
   위치: ERPProject.View.Stock.EditStock.Page_Loaded(Object sender, RoutedEventArgs e) 파일 C:\Users\PKNU\Desktop\MiniProject_Gumin\ERPProject\View\Stock\EditStock.xaml.cs:줄 48
[2021/06/11 19:43:37.147] [TID:1] [Info]: guemin12@naver.com 접속성공
[2021/06/11 19:43:39.943] [TID:1] [Error]: 예외발생 AddStock Loaded : System.NullReferenceException: 개체 참조가 개체의 인스턴스로 설정되지 않았습니다.
   위치: ERPProject.View.Stock.EditStock.Page_Loaded(Object sender, RoutedEventArgs e) 파일 C:\Users\PKNU\Desktop\MiniProject_Gumin\ERPProject\View\Stock\EditStock.xaml.cs:줄 53
[2021/06/11 19:44:39.245] [TID:1] [Info]: guemin12@naver.com 접속성공
[2021/06/11 19:44:41.400] [TID:1] [Error]: 예외발생 AddStock Loaded : System.NullReferenceException: 개체 참조가 개체의 인스턴스로 설정되지 않았습니다.
   위치: ERPProject.View.Stock.EditStock.Page_Loaded(Object sender, RoutedEventArgs e) 파일 C:\Users\PKNU\Desktop\MiniProject_Gumin\ERPProject\View\Stock\EditStock.xaml.cs:줄 53
[2021/06/11 19:48:06.623] [TID:1] [Info]: guemin12@naver.com 접속성공
[2021/06/11 19:49:04.722] [TID:1] [Info]: guemin12@naver.com 접속성공
[2021/06/11 19:50:27.086] [TID:1] [Info]: guemin12@naver.com 접속성공
