[2021/06/18 17:38:47.399] [TID:1] [Info]: guemin12@naver.com 접속성공
[2021/06/18 19:48:37.054] [TID:1] [Info]: 프로그램 종료
[2021/06/18 20:08:47.276] [TID:1] [Info]: guemin12@naver.com 접속성공
[2021/06/18 20:28:19.949] [TID:1] [Info]: guemin12@naver.com 접속성공
[2021/06/18 20:30:47.379] [TID:1] [Info]: guemin12@naver.com 접속성공
[2021/06/18 20:31:25.847] [TID:1] [Info]: guemin12@naver.com 접속성공
[2021/06/18 20:32:22.869] [TID:1] [Info]: guemin12@naver.com 접속성공
[2021/06/18 20:33:33.071] [TID:1] [Info]: guemin12@naver.com 접속성공
[2021/06/18 20:35:08.167] [TID:1] [Info]: guemin12@naver.com 접속성공
[2021/06/18 20:36:50.643] [TID:1] [Info]: guemin12@naver.com 접속성공
[2021/06/18 20:36:58.300] [TID:1] [Error]: 예외발생 : System.Data.Entity.Infrastructure.DbUpdateException: An error occurred while updating the entries. See the inner exception for details. ---> System.Data.Entity.Core.UpdateException: An error occurred while updating the entries. See the inner exception for details. ---> System.Data.SqlClient.SqlException: INSERT 문이 FOREIGN KEY 제약 조건 "FK_BookOut_Item"과(와) 충돌했습니다. 데이터베이스 "ERP", 테이블 "dbo.BookOut", column 'BookOutID'에서 충돌이 발생했습니다.
문이 종료되었습니다.
   위치: System.Data.SqlClient.SqlConnection.OnError(SqlException exception, Boolean breakConnection, Action`1 wrapCloseInAction)
   위치: System.Data.SqlClient.SqlInternalConnection.OnError(SqlException exception, Boolean breakConnection, Action`1 wrapCloseInAction)
   위치: System.Data.SqlClient.TdsParser.ThrowExceptionAndWarning(TdsParserStateObject stateObj, Boolean callerHasConnectionLock, Boolean asyncClose)
   위치: System.Data.SqlClient.TdsParser.TryRun(RunBehavior runBehavior, SqlCommand cmdHandler, SqlDataReader dataStream, BulkCopySimpleResultSet bulkCopyHandler, TdsParserStateObject stateObj, Boolean& dataReady)
   위치: System.Data.SqlClient.SqlDataReader.TryConsumeMetaData()
   위치: System.Data.SqlClient.SqlDataReader.get_MetaData()
   위치: System.Data.SqlClient.SqlCommand.FinishExecuteReader(SqlDataReader ds, RunBehavior runBehavior, String resetOptionsString, Boolean isInternal, Boolean forDescribeParameterEncryption, Boolean shouldCacheForAlwaysEncrypted)
   위치: System.Data.SqlClient.SqlCommand.RunExecuteReaderTds(CommandBehavior cmdBehavior, RunBehavior runBehavior, Boolean returnStream, Boolean async, Int32 timeout, Task& task, Boolean asyncWrite, Boolean inRetry, SqlDataReader ds, Boolean describeParameterEncryptionRequest)
   위치: System.Data.SqlClient.SqlCommand.RunExecuteReader(CommandBehavior cmdBehavior, RunBehavior runBehavior, Boolean returnStream, String method, TaskCompletionSource`1 completion, Int32 timeout, Task& task, Boolean& usedCache, Boolean asyncWrite, Boolean inRetry)
   위치: System.Data.SqlClient.SqlCommand.RunExecuteReader(CommandBehavior cmdBehavior, RunBehavior runBehavior, Boolean returnStream, String method)
   위치: System.Data.SqlClient.SqlCommand.ExecuteReader(CommandBehavior behavior, String method)
   위치: System.Data.SqlClient.SqlCommand.ExecuteDbDataReader(CommandBehavior behavior)
   위치: System.Data.Common.DbCommand.ExecuteReader(CommandBehavior behavior)
   위치: System.Data.Entity.Infrastructure.Interception.DbCommandDispatcher.<>c.<Reader>b__6_0(DbCommand t, DbCommandInterceptionContext`1 c)
   위치: System.Data.Entity.Infrastructure.Interception.InternalDispatcher`1.Dispatch[TTarget,TInterceptionContext,TResult](TTarget target, Func`3 operation, TInterceptionContext interceptionContext, Action`3 executing, Action`3 executed)
   위치: System.Data.Entity.Infrastructure.Interception.DbCommandDispatcher.Reader(DbCommand command, DbCommandInterceptionContext interceptionContext)
   위치: System.Data.Entity.Internal.InterceptableDbCommand.ExecuteDbDataReader(CommandBehavior behavior)
   위치: System.Data.Common.DbCommand.ExecuteReader(CommandBehavior behavior)
   위치: System.Data.Entity.Core.Mapping.Update.Internal.DynamicUpdateCommand.Execute(Dictionary`2 identifierValues, List`1 generatedValues)
   위치: System.Data.Entity.Core.Mapping.Update.Internal.UpdateTranslator.Update()
   --- 내부 예외 스택 추적의 끝 ---
   위치: System.Data.Entity.Core.Mapping.Update.Internal.UpdateTranslator.Update()
   위치: System.Data.Entity.Core.EntityClient.Internal.EntityAdapter.<>c.<Update>b__21_0(UpdateTranslator ut)
   위치: System.Data.Entity.Core.EntityClient.Internal.EntityAdapter.Update[T](T noChangesResult, Func`2 updateFunction)
   위치: System.Data.Entity.Core.EntityClient.Internal.EntityAdapter.Update()
   위치: System.Data.Entity.Core.Objects.ObjectContext.<SaveChangesToStore>b__153_0()
   위치: System.Data.Entity.Core.Objects.ObjectContext.ExecuteInTransaction[T](Func`1 func, IDbExecutionStrategy executionStrategy, Boolean startLocalTransaction, Boolean releaseConnectionOnSuccess)
   위치: System.Data.Entity.Core.Objects.ObjectContext.SaveChangesToStore(SaveOptions options, IDbExecutionStrategy executionStrategy, Boolean startLocalTransaction)
   위치: System.Data.Entity.Core.Objects.ObjectContext.<>c__DisplayClass148_0.<SaveChangesInternal>b__0()
   위치: System.Data.Entity.SqlServer.DefaultSqlExecutionStrategy.Execute[TResult](Func`1 operation)
   위치: System.Data.Entity.Core.Objects.ObjectContext.SaveChangesInternal(SaveOptions options, Boolean executeInExistingTransaction)
   위치: System.Data.Entity.Core.Objects.ObjectContext.SaveChanges(SaveOptions options)
   위치: System.Data.Entity.Internal.InternalContext.SaveChanges()
   --- 내부 예외 스택 추적의 끝 ---
   위치: System.Data.Entity.Internal.InternalContext.SaveChanges()
   위치: System.Data.Entity.Internal.LazyInternalContext.SaveChanges()
   위치: System.Data.Entity.DbContext.SaveChanges()
   위치: ERPProject.Logic.DataAccess.Setbookoutitem(BookOutItem bookOutItem) 파일 D:\GitRepository2\mini_project\MiniProject_Gumin\ERPProject\Logic\DataAccess.cs:줄 155
   위치: ERPProject.View.BookOut.AddBookOut.BtnAdd_Click(Object sender, RoutedEventArgs e) 파일 D:\GitRepository2\mini_project\MiniProject_Gumin\ERPProject\View\BookOut\AddBookOut.xaml.cs:줄 108
[2021/06/18 20:36:59.577] [TID:1] [Error]: 예외발생 : System.Data.Entity.Infrastructure.DbUpdateException: An error occurred while updating the entries. See the inner exception for details. ---> System.Data.Entity.Core.UpdateException: An error occurred while updating the entries. See the inner exception for details. ---> System.Data.SqlClient.SqlException: INSERT 문이 FOREIGN KEY 제약 조건 "FK_BookOut_Item"과(와) 충돌했습니다. 데이터베이스 "ERP", 테이블 "dbo.BookOut", column 'BookOutID'에서 충돌이 발생했습니다.
문이 종료되었습니다.
   위치: System.Data.SqlClient.SqlConnection.OnError(SqlException exception, Boolean breakConnection, Action`1 wrapCloseInAction)
   위치: System.Data.SqlClient.SqlInternalConnection.OnError(SqlException exception, Boolean breakConnection, Action`1 wrapCloseInAction)
   위치: System.Data.SqlClient.TdsParser.ThrowExceptionAndWarning(TdsParserStateObject stateObj, Boolean callerHasConnectionLock, Boolean asyncClose)
   위치: System.Data.SqlClient.TdsParser.TryRun(RunBehavior runBehavior, SqlCommand cmdHandler, SqlDataReader dataStream, BulkCopySimpleResultSet bulkCopyHandler, TdsParserStateObject stateObj, Boolean& dataReady)
   위치: System.Data.SqlClient.SqlDataReader.TryConsumeMetaData()
   위치: System.Data.SqlClient.SqlDataReader.get_MetaData()
   위치: System.Data.SqlClient.SqlCommand.FinishExecuteReader(SqlDataReader ds, RunBehavior runBehavior, String resetOptionsString, Boolean isInternal, Boolean forDescribeParameterEncryption, Boolean shouldCacheForAlwaysEncrypted)
   위치: System.Data.SqlClient.SqlCommand.RunExecuteReaderTds(CommandBehavior cmdBehavior, RunBehavior runBehavior, Boolean returnStream, Boolean async, Int32 timeout, Task& task, Boolean asyncWrite, Boolean inRetry, SqlDataReader ds, Boolean describeParameterEncryptionRequest)
   위치: System.Data.SqlClient.SqlCommand.RunExecuteReader(CommandBehavior cmdBehavior, RunBehavior runBehavior, Boolean returnStream, String method, TaskCompletionSource`1 completion, Int32 timeout, Task& task, Boolean& usedCache, Boolean asyncWrite, Boolean inRetry)
   위치: System.Data.SqlClient.SqlCommand.RunExecuteReader(CommandBehavior cmdBehavior, RunBehavior runBehavior, Boolean returnStream, String method)
   위치: System.Data.SqlClient.SqlCommand.ExecuteReader(CommandBehavior behavior, String method)
   위치: System.Data.SqlClient.SqlCommand.ExecuteDbDataReader(CommandBehavior behavior)
   위치: System.Data.Common.DbCommand.ExecuteReader(CommandBehavior behavior)
   위치: System.Data.Entity.Infrastructure.Interception.DbCommandDispatcher.<>c.<Reader>b__6_0(DbCommand t, DbCommandInterceptionContext`1 c)
   위치: System.Data.Entity.Infrastructure.Interception.InternalDispatcher`1.Dispatch[TTarget,TInterceptionContext,TResult](TTarget target, Func`3 operation, TInterceptionContext interceptionContext, Action`3 executing, Action`3 executed)
   위치: System.Data.Entity.Infrastructure.Interception.DbCommandDispatcher.Reader(DbCommand command, DbCommandInterceptionContext interceptionContext)
   위치: System.Data.Entity.Internal.InterceptableDbCommand.ExecuteDbDataReader(CommandBehavior behavior)
   위치: System.Data.Common.DbCommand.ExecuteReader(CommandBehavior behavior)
   위치: System.Data.Entity.Core.Mapping.Update.Internal.DynamicUpdateCommand.Execute(Dictionary`2 identifierValues, List`1 generatedValues)
   위치: System.Data.Entity.Core.Mapping.Update.Internal.UpdateTranslator.Update()
   --- 내부 예외 스택 추적의 끝 ---
   위치: System.Data.Entity.Core.Mapping.Update.Internal.UpdateTranslator.Update()
   위치: System.Data.Entity.Core.EntityClient.Internal.EntityAdapter.<>c.<Update>b__21_0(UpdateTranslator ut)
   위치: System.Data.Entity.Core.EntityClient.Internal.EntityAdapter.Update[T](T noChangesResult, Func`2 updateFunction)
   위치: System.Data.Entity.Core.EntityClient.Internal.EntityAdapter.Update()
   위치: System.Data.Entity.Core.Objects.ObjectContext.<SaveChangesToStore>b__153_0()
   위치: System.Data.Entity.Core.Objects.ObjectContext.ExecuteInTransaction[T](Func`1 func, IDbExecutionStrategy executionStrategy, Boolean startLocalTransaction, Boolean releaseConnectionOnSuccess)
   위치: System.Data.Entity.Core.Objects.ObjectContext.SaveChangesToStore(SaveOptions options, IDbExecutionStrategy executionStrategy, Boolean startLocalTransaction)
   위치: System.Data.Entity.Core.Objects.ObjectContext.<>c__DisplayClass148_0.<SaveChangesInternal>b__0()
   위치: System.Data.Entity.SqlServer.DefaultSqlExecutionStrategy.Execute[TResult](Func`1 operation)
   위치: System.Data.Entity.Core.Objects.ObjectContext.SaveChangesInternal(SaveOptions options, Boolean executeInExistingTransaction)
   위치: System.Data.Entity.Core.Objects.ObjectContext.SaveChanges(SaveOptions options)
   위치: System.Data.Entity.Internal.InternalContext.SaveChanges()
   --- 내부 예외 스택 추적의 끝 ---
   위치: System.Data.Entity.Internal.InternalContext.SaveChanges()
   위치: System.Data.Entity.Internal.LazyInternalContext.SaveChanges()
   위치: System.Data.Entity.DbContext.SaveChanges()
   위치: ERPProject.Logic.DataAccess.Setbookoutitem(BookOutItem bookOutItem) 파일 D:\GitRepository2\mini_project\MiniProject_Gumin\ERPProject\Logic\DataAccess.cs:줄 155
   위치: ERPProject.View.BookOut.AddBookOut.BtnAdd_Click(Object sender, RoutedEventArgs e) 파일 D:\GitRepository2\mini_project\MiniProject_Gumin\ERPProject\View\BookOut\AddBookOut.xaml.cs:줄 108
[2021/06/18 20:36:59.743] [TID:1] [Error]: 예외발생 : System.Data.Entity.Infrastructure.DbUpdateException: An error occurred while updating the entries. See the inner exception for details. ---> System.Data.Entity.Core.UpdateException: An error occurred while updating the entries. See the inner exception for details. ---> System.Data.SqlClient.SqlException: INSERT 문이 FOREIGN KEY 제약 조건 "FK_BookOut_Item"과(와) 충돌했습니다. 데이터베이스 "ERP", 테이블 "dbo.BookOut", column 'BookOutID'에서 충돌이 발생했습니다.
문이 종료되었습니다.
   위치: System.Data.SqlClient.SqlConnection.OnError(SqlException exception, Boolean breakConnection, Action`1 wrapCloseInAction)
   위치: System.Data.SqlClient.SqlInternalConnection.OnError(SqlException exception, Boolean breakConnection, Action`1 wrapCloseInAction)
   위치: System.Data.SqlClient.TdsParser.ThrowExceptionAndWarning(TdsParserStateObject stateObj, Boolean callerHasConnectionLock, Boolean asyncClose)
   위치: System.Data.SqlClient.TdsParser.TryRun(RunBehavior runBehavior, SqlCommand cmdHandler, SqlDataReader dataStream, BulkCopySimpleResultSet bulkCopyHandler, TdsParserStateObject stateObj, Boolean& dataReady)
   위치: System.Data.SqlClient.SqlDataReader.TryConsumeMetaData()
   위치: System.Data.SqlClient.SqlDataReader.get_MetaData()
   위치: System.Data.SqlClient.SqlCommand.FinishExecuteReader(SqlDataReader ds, RunBehavior runBehavior, String resetOptionsString, Boolean isInternal, Boolean forDescribeParameterEncryption, Boolean shouldCacheForAlwaysEncrypted)
   위치: System.Data.SqlClient.SqlCommand.RunExecuteReaderTds(CommandBehavior cmdBehavior, RunBehavior runBehavior, Boolean returnStream, Boolean async, Int32 timeout, Task& task, Boolean asyncWrite, Boolean inRetry, SqlDataReader ds, Boolean describeParameterEncryptionRequest)
   위치: System.Data.SqlClient.SqlCommand.RunExecuteReader(CommandBehavior cmdBehavior, RunBehavior runBehavior, Boolean returnStream, String method, TaskCompletionSource`1 completion, Int32 timeout, Task& task, Boolean& usedCache, Boolean asyncWrite, Boolean inRetry)
   위치: System.Data.SqlClient.SqlCommand.RunExecuteReader(CommandBehavior cmdBehavior, RunBehavior runBehavior, Boolean returnStream, String method)
   위치: System.Data.SqlClient.SqlCommand.ExecuteReader(CommandBehavior behavior, String method)
   위치: System.Data.SqlClient.SqlCommand.ExecuteDbDataReader(CommandBehavior behavior)
   위치: System.Data.Common.DbCommand.ExecuteReader(CommandBehavior behavior)
   위치: System.Data.Entity.Infrastructure.Interception.DbCommandDispatcher.<>c.<Reader>b__6_0(DbCommand t, DbCommandInterceptionContext`1 c)
   위치: System.Data.Entity.Infrastructure.Interception.InternalDispatcher`1.Dispatch[TTarget,TInterceptionContext,TResult](TTarget target, Func`3 operation, TInterceptionContext interceptionContext, Action`3 executing, Action`3 executed)
   위치: System.Data.Entity.Infrastructure.Interception.DbCommandDispatcher.Reader(DbCommand command, DbCommandInterceptionContext interceptionContext)
   위치: System.Data.Entity.Internal.InterceptableDbCommand.ExecuteDbDataReader(CommandBehavior behavior)
   위치: System.Data.Common.DbCommand.ExecuteReader(CommandBehavior behavior)
   위치: System.Data.Entity.Core.Mapping.Update.Internal.DynamicUpdateCommand.Execute(Dictionary`2 identifierValues, List`1 generatedValues)
   위치: System.Data.Entity.Core.Mapping.Update.Internal.UpdateTranslator.Update()
   --- 내부 예외 스택 추적의 끝 ---
   위치: System.Data.Entity.Core.Mapping.Update.Internal.UpdateTranslator.Update()
   위치: System.Data.Entity.Core.EntityClient.Internal.EntityAdapter.<>c.<Update>b__21_0(UpdateTranslator ut)
   위치: System.Data.Entity.Core.EntityClient.Internal.EntityAdapter.Update[T](T noChangesResult, Func`2 updateFunction)
   위치: System.Data.Entity.Core.EntityClient.Internal.EntityAdapter.Update()
   위치: System.Data.Entity.Core.Objects.ObjectContext.<SaveChangesToStore>b__153_0()
   위치: System.Data.Entity.Core.Objects.ObjectContext.ExecuteInTransaction[T](Func`1 func, IDbExecutionStrategy executionStrategy, Boolean startLocalTransaction, Boolean releaseConnectionOnSuccess)
   위치: System.Data.Entity.Core.Objects.ObjectContext.SaveChangesToStore(SaveOptions options, IDbExecutionStrategy executionStrategy, Boolean startLocalTransaction)
   위치: System.Data.Entity.Core.Objects.ObjectContext.<>c__DisplayClass148_0.<SaveChangesInternal>b__0()
   위치: System.Data.Entity.SqlServer.DefaultSqlExecutionStrategy.Execute[TResult](Func`1 operation)
   위치: System.Data.Entity.Core.Objects.ObjectContext.SaveChangesInternal(SaveOptions options, Boolean executeInExistingTransaction)
   위치: System.Data.Entity.Core.Objects.ObjectContext.SaveChanges(SaveOptions options)
   위치: System.Data.Entity.Internal.InternalContext.SaveChanges()
   --- 내부 예외 스택 추적의 끝 ---
   위치: System.Data.Entity.Internal.InternalContext.SaveChanges()
   위치: System.Data.Entity.Internal.LazyInternalContext.SaveChanges()
   위치: System.Data.Entity.DbContext.SaveChanges()
   위치: ERPProject.Logic.DataAccess.Setbookoutitem(BookOutItem bookOutItem) 파일 D:\GitRepository2\mini_project\MiniProject_Gumin\ERPProject\Logic\DataAccess.cs:줄 155
   위치: ERPProject.View.BookOut.AddBookOut.BtnAdd_Click(Object sender, RoutedEventArgs e) 파일 D:\GitRepository2\mini_project\MiniProject_Gumin\ERPProject\View\BookOut\AddBookOut.xaml.cs:줄 108
[2021/06/18 20:36:59.920] [TID:1] [Error]: 예외발생 : System.Data.Entity.Infrastructure.DbUpdateException: An error occurred while updating the entries. See the inner exception for details. ---> System.Data.Entity.Core.UpdateException: An error occurred while updating the entries. See the inner exception for details. ---> System.Data.SqlClient.SqlException: INSERT 문이 FOREIGN KEY 제약 조건 "FK_BookOut_Item"과(와) 충돌했습니다. 데이터베이스 "ERP", 테이블 "dbo.BookOut", column 'BookOutID'에서 충돌이 발생했습니다.
문이 종료되었습니다.
   위치: System.Data.SqlClient.SqlConnection.OnError(SqlException exception, Boolean breakConnection, Action`1 wrapCloseInAction)
   위치: System.Data.SqlClient.SqlInternalConnection.OnError(SqlException exception, Boolean breakConnection, Action`1 wrapCloseInAction)
   위치: System.Data.SqlClient.TdsParser.ThrowExceptionAndWarning(TdsParserStateObject stateObj, Boolean callerHasConnectionLock, Boolean asyncClose)
   위치: System.Data.SqlClient.TdsParser.TryRun(RunBehavior runBehavior, SqlCommand cmdHandler, SqlDataReader dataStream, BulkCopySimpleResultSet bulkCopyHandler, TdsParserStateObject stateObj, Boolean& dataReady)
   위치: System.Data.SqlClient.SqlDataReader.TryConsumeMetaData()
   위치: System.Data.SqlClient.SqlDataReader.get_MetaData()
   위치: System.Data.SqlClient.SqlCommand.FinishExecuteReader(SqlDataReader ds, RunBehavior runBehavior, String resetOptionsString, Boolean isInternal, Boolean forDescribeParameterEncryption, Boolean shouldCacheForAlwaysEncrypted)
   위치: System.Data.SqlClient.SqlCommand.RunExecuteReaderTds(CommandBehavior cmdBehavior, RunBehavior runBehavior, Boolean returnStream, Boolean async, Int32 timeout, Task& task, Boolean asyncWrite, Boolean inRetry, SqlDataReader ds, Boolean describeParameterEncryptionRequest)
   위치: System.Data.SqlClient.SqlCommand.RunExecuteReader(CommandBehavior cmdBehavior, RunBehavior runBehavior, Boolean returnStream, String method, TaskCompletionSource`1 completion, Int32 timeout, Task& task, Boolean& usedCache, Boolean asyncWrite, Boolean inRetry)
   위치: System.Data.SqlClient.SqlCommand.RunExecuteReader(CommandBehavior cmdBehavior, RunBehavior runBehavior, Boolean returnStream, String method)
   위치: System.Data.SqlClient.SqlCommand.ExecuteReader(CommandBehavior behavior, String method)
   위치: System.Data.SqlClient.SqlCommand.ExecuteDbDataReader(CommandBehavior behavior)
   위치: System.Data.Common.DbCommand.ExecuteReader(CommandBehavior behavior)
   위치: System.Data.Entity.Infrastructure.Interception.DbCommandDispatcher.<>c.<Reader>b__6_0(DbCommand t, DbCommandInterceptionContext`1 c)
   위치: System.Data.Entity.Infrastructure.Interception.InternalDispatcher`1.Dispatch[TTarget,TInterceptionContext,TResult](TTarget target, Func`3 operation, TInterceptionContext interceptionContext, Action`3 executing, Action`3 executed)
   위치: System.Data.Entity.Infrastructure.Interception.DbCommandDispatcher.Reader(DbCommand command, DbCommandInterceptionContext interceptionContext)
   위치: System.Data.Entity.Internal.InterceptableDbCommand.ExecuteDbDataReader(CommandBehavior behavior)
   위치: System.Data.Common.DbCommand.ExecuteReader(CommandBehavior behavior)
   위치: System.Data.Entity.Core.Mapping.Update.Internal.DynamicUpdateCommand.Execute(Dictionary`2 identifierValues, List`1 generatedValues)
   위치: System.Data.Entity.Core.Mapping.Update.Internal.UpdateTranslator.Update()
   --- 내부 예외 스택 추적의 끝 ---
   위치: System.Data.Entity.Core.Mapping.Update.Internal.UpdateTranslator.Update()
   위치: System.Data.Entity.Core.EntityClient.Internal.EntityAdapter.<>c.<Update>b__21_0(UpdateTranslator ut)
   위치: System.Data.Entity.Core.EntityClient.Internal.EntityAdapter.Update[T](T noChangesResult, Func`2 updateFunction)
   위치: System.Data.Entity.Core.EntityClient.Internal.EntityAdapter.Update()
   위치: System.Data.Entity.Core.Objects.ObjectContext.<SaveChangesToStore>b__153_0()
   위치: System.Data.Entity.Core.Objects.ObjectContext.ExecuteInTransaction[T](Func`1 func, IDbExecutionStrategy executionStrategy, Boolean startLocalTransaction, Boolean releaseConnectionOnSuccess)
   위치: System.Data.Entity.Core.Objects.ObjectContext.SaveChangesToStore(SaveOptions options, IDbExecutionStrategy executionStrategy, Boolean startLocalTransaction)
   위치: System.Data.Entity.Core.Objects.ObjectContext.<>c__DisplayClass148_0.<SaveChangesInternal>b__0()
   위치: System.Data.Entity.SqlServer.DefaultSqlExecutionStrategy.Execute[TResult](Func`1 operation)
   위치: System.Data.Entity.Core.Objects.ObjectContext.SaveChangesInternal(SaveOptions options, Boolean executeInExistingTransaction)
   위치: System.Data.Entity.Core.Objects.ObjectContext.SaveChanges(SaveOptions options)
   위치: System.Data.Entity.Internal.InternalContext.SaveChanges()
   --- 내부 예외 스택 추적의 끝 ---
   위치: System.Data.Entity.Internal.InternalContext.SaveChanges()
   위치: System.Data.Entity.Internal.LazyInternalContext.SaveChanges()
   위치: System.Data.Entity.DbContext.SaveChanges()
   위치: ERPProject.Logic.DataAccess.Setbookoutitem(BookOutItem bookOutItem) 파일 D:\GitRepository2\mini_project\MiniProject_Gumin\ERPProject\Logic\DataAccess.cs:줄 155
   위치: ERPProject.View.BookOut.AddBookOut.BtnAdd_Click(Object sender, RoutedEventArgs e) 파일 D:\GitRepository2\mini_project\MiniProject_Gumin\ERPProject\View\BookOut\AddBookOut.xaml.cs:줄 108
[2021/06/18 20:37:00.040] [TID:1] [Error]: 예외발생 : System.Data.Entity.Infrastructure.DbUpdateException: An error occurred while updating the entries. See the inner exception for details. ---> System.Data.Entity.Core.UpdateException: An error occurred while updating the entries. See the inner exception for details. ---> System.Data.SqlClient.SqlException: INSERT 문이 FOREIGN KEY 제약 조건 "FK_BookOut_Item"과(와) 충돌했습니다. 데이터베이스 "ERP", 테이블 "dbo.BookOut", column 'BookOutID'에서 충돌이 발생했습니다.
문이 종료되었습니다.
   위치: System.Data.SqlClient.SqlConnection.OnError(SqlException exception, Boolean breakConnection, Action`1 wrapCloseInAction)
   위치: System.Data.SqlClient.SqlInternalConnection.OnError(SqlException exception, Boolean breakConnection, Action`1 wrapCloseInAction)
   위치: System.Data.SqlClient.TdsParser.ThrowExceptionAndWarning(TdsParserStateObject stateObj, Boolean callerHasConnectionLock, Boolean asyncClose)
   위치: System.Data.SqlClient.TdsParser.TryRun(RunBehavior runBehavior, SqlCommand cmdHandler, SqlDataReader dataStream, BulkCopySimpleResultSet bulkCopyHandler, TdsParserStateObject stateObj, Boolean& dataReady)
   위치: System.Data.SqlClient.SqlDataReader.TryConsumeMetaData()
   위치: System.Data.SqlClient.SqlDataReader.get_MetaData()
   위치: System.Data.SqlClient.SqlCommand.FinishExecuteReader(SqlDataReader ds, RunBehavior runBehavior, String resetOptionsString, Boolean isInternal, Boolean forDescribeParameterEncryption, Boolean shouldCacheForAlwaysEncrypted)
   위치: System.Data.SqlClient.SqlCommand.RunExecuteReaderTds(CommandBehavior cmdBehavior, RunBehavior runBehavior, Boolean returnStream, Boolean async, Int32 timeout, Task& task, Boolean asyncWrite, Boolean inRetry, SqlDataReader ds, Boolean describeParameterEncryptionRequest)
   위치: System.Data.SqlClient.SqlCommand.RunExecuteReader(CommandBehavior cmdBehavior, RunBehavior runBehavior, Boolean returnStream, String method, TaskCompletionSource`1 completion, Int32 timeout, Task& task, Boolean& usedCache, Boolean asyncWrite, Boolean inRetry)
   위치: System.Data.SqlClient.SqlCommand.RunExecuteReader(CommandBehavior cmdBehavior, RunBehavior runBehavior, Boolean returnStream, String method)
   위치: System.Data.SqlClient.SqlCommand.ExecuteReader(CommandBehavior behavior, String method)
   위치: System.Data.SqlClient.SqlCommand.ExecuteDbDataReader(CommandBehavior behavior)
   위치: System.Data.Common.DbCommand.ExecuteReader(CommandBehavior behavior)
   위치: System.Data.Entity.Infrastructure.Interception.DbCommandDispatcher.<>c.<Reader>b__6_0(DbCommand t, DbCommandInterceptionContext`1 c)
   위치: System.Data.Entity.Infrastructure.Interception.InternalDispatcher`1.Dispatch[TTarget,TInterceptionContext,TResult](TTarget target, Func`3 operation, TInterceptionContext interceptionContext, Action`3 executing, Action`3 executed)
   위치: System.Data.Entity.Infrastructure.Interception.DbCommandDispatcher.Reader(DbCommand command, DbCommandInterceptionContext interceptionContext)
   위치: System.Data.Entity.Internal.InterceptableDbCommand.ExecuteDbDataReader(CommandBehavior behavior)
   위치: System.Data.Common.DbCommand.ExecuteReader(CommandBehavior behavior)
   위치: System.Data.Entity.Core.Mapping.Update.Internal.DynamicUpdateCommand.Execute(Dictionary`2 identifierValues, List`1 generatedValues)
   위치: System.Data.Entity.Core.Mapping.Update.Internal.UpdateTranslator.Update()
   --- 내부 예외 스택 추적의 끝 ---
   위치: System.Data.Entity.Core.Mapping.Update.Internal.UpdateTranslator.Update()
   위치: System.Data.Entity.Core.EntityClient.Internal.EntityAdapter.<>c.<Update>b__21_0(UpdateTranslator ut)
   위치: System.Data.Entity.Core.EntityClient.Internal.EntityAdapter.Update[T](T noChangesResult, Func`2 updateFunction)
   위치: System.Data.Entity.Core.EntityClient.Internal.EntityAdapter.Update()
   위치: System.Data.Entity.Core.Objects.ObjectContext.<SaveChangesToStore>b__153_0()
   위치: System.Data.Entity.Core.Objects.ObjectContext.ExecuteInTransaction[T](Func`1 func, IDbExecutionStrategy executionStrategy, Boolean startLocalTransaction, Boolean releaseConnectionOnSuccess)
   위치: System.Data.Entity.Core.Objects.ObjectContext.SaveChangesToStore(SaveOptions options, IDbExecutionStrategy executionStrategy, Boolean startLocalTransaction)
   위치: System.Data.Entity.Core.Objects.ObjectContext.<>c__DisplayClass148_0.<SaveChangesInternal>b__0()
   위치: System.Data.Entity.SqlServer.DefaultSqlExecutionStrategy.Execute[TResult](Func`1 operation)
   위치: System.Data.Entity.Core.Objects.ObjectContext.SaveChangesInternal(SaveOptions options, Boolean executeInExistingTransaction)
   위치: System.Data.Entity.Core.Objects.ObjectContext.SaveChanges(SaveOptions options)
   위치: System.Data.Entity.Internal.InternalContext.SaveChanges()
   --- 내부 예외 스택 추적의 끝 ---
   위치: System.Data.Entity.Internal.InternalContext.SaveChanges()
   위치: System.Data.Entity.Internal.LazyInternalContext.SaveChanges()
   위치: System.Data.Entity.DbContext.SaveChanges()
   위치: ERPProject.Logic.DataAccess.Setbookoutitem(BookOutItem bookOutItem) 파일 D:\GitRepository2\mini_project\MiniProject_Gumin\ERPProject\Logic\DataAccess.cs:줄 155
   위치: ERPProject.View.BookOut.AddBookOut.BtnAdd_Click(Object sender, RoutedEventArgs e) 파일 D:\GitRepository2\mini_project\MiniProject_Gumin\ERPProject\View\BookOut\AddBookOut.xaml.cs:줄 108
[2021/06/18 20:37:00.192] [TID:1] [Error]: 예외발생 : System.Data.Entity.Infrastructure.DbUpdateException: An error occurred while updating the entries. See the inner exception for details. ---> System.Data.Entity.Core.UpdateException: An error occurred while updating the entries. See the inner exception for details. ---> System.Data.SqlClient.SqlException: INSERT 문이 FOREIGN KEY 제약 조건 "FK_BookOut_Item"과(와) 충돌했습니다. 데이터베이스 "ERP", 테이블 "dbo.BookOut", column 'BookOutID'에서 충돌이 발생했습니다.
문이 종료되었습니다.
   위치: System.Data.SqlClient.SqlConnection.OnError(SqlException exception, Boolean breakConnection, Action`1 wrapCloseInAction)
   위치: System.Data.SqlClient.SqlInternalConnection.OnError(SqlException exception, Boolean breakConnection, Action`1 wrapCloseInAction)
   위치: System.Data.SqlClient.TdsParser.ThrowExceptionAndWarning(TdsParserStateObject stateObj, Boolean callerHasConnectionLock, Boolean asyncClose)
   위치: System.Data.SqlClient.TdsParser.TryRun(RunBehavior runBehavior, SqlCommand cmdHandler, SqlDataReader dataStream, BulkCopySimpleResultSet bulkCopyHandler, TdsParserStateObject stateObj, Boolean& dataReady)
   위치: System.Data.SqlClient.SqlDataReader.TryConsumeMetaData()
   위치: System.Data.SqlClient.SqlDataReader.get_MetaData()
   위치: System.Data.SqlClient.SqlCommand.FinishExecuteReader(SqlDataReader ds, RunBehavior runBehavior, String resetOptionsString, Boolean isInternal, Boolean forDescribeParameterEncryption, Boolean shouldCacheForAlwaysEncrypted)
   위치: System.Data.SqlClient.SqlCommand.RunExecuteReaderTds(CommandBehavior cmdBehavior, RunBehavior runBehavior, Boolean returnStream, Boolean async, Int32 timeout, Task& task, Boolean asyncWrite, Boolean inRetry, SqlDataReader ds, Boolean describeParameterEncryptionRequest)
   위치: System.Data.SqlClient.SqlCommand.RunExecuteReader(CommandBehavior cmdBehavior, RunBehavior runBehavior, Boolean returnStream, String method, TaskCompletionSource`1 completion, Int32 timeout, Task& task, Boolean& usedCache, Boolean asyncWrite, Boolean inRetry)
   위치: System.Data.SqlClient.SqlCommand.RunExecuteReader(CommandBehavior cmdBehavior, RunBehavior runBehavior, Boolean returnStream, String method)
   위치: System.Data.SqlClient.SqlCommand.ExecuteReader(CommandBehavior behavior, String method)
   위치: System.Data.SqlClient.SqlCommand.ExecuteDbDataReader(CommandBehavior behavior)
   위치: System.Data.Common.DbCommand.ExecuteReader(CommandBehavior behavior)
   위치: System.Data.Entity.Infrastructure.Interception.DbCommandDispatcher.<>c.<Reader>b__6_0(DbCommand t, DbCommandInterceptionContext`1 c)
   위치: System.Data.Entity.Infrastructure.Interception.InternalDispatcher`1.Dispatch[TTarget,TInterceptionContext,TResult](TTarget target, Func`3 operation, TInterceptionContext interceptionContext, Action`3 executing, Action`3 executed)
   위치: System.Data.Entity.Infrastructure.Interception.DbCommandDispatcher.Reader(DbCommand command, DbCommandInterceptionContext interceptionContext)
   위치: System.Data.Entity.Internal.InterceptableDbCommand.ExecuteDbDataReader(CommandBehavior behavior)
   위치: System.Data.Common.DbCommand.ExecuteReader(CommandBehavior behavior)
   위치: System.Data.Entity.Core.Mapping.Update.Internal.DynamicUpdateCommand.Execute(Dictionary`2 identifierValues, List`1 generatedValues)
   위치: System.Data.Entity.Core.Mapping.Update.Internal.UpdateTranslator.Update()
   --- 내부 예외 스택 추적의 끝 ---
   위치: System.Data.Entity.Core.Mapping.Update.Internal.UpdateTranslator.Update()
   위치: System.Data.Entity.Core.EntityClient.Internal.EntityAdapter.<>c.<Update>b__21_0(UpdateTranslator ut)
   위치: System.Data.Entity.Core.EntityClient.Internal.EntityAdapter.Update[T](T noChangesResult, Func`2 updateFunction)
   위치: System.Data.Entity.Core.EntityClient.Internal.EntityAdapter.Update()
   위치: System.Data.Entity.Core.Objects.ObjectContext.<SaveChangesToStore>b__153_0()
   위치: System.Data.Entity.Core.Objects.ObjectContext.ExecuteInTransaction[T](Func`1 func, IDbExecutionStrategy executionStrategy, Boolean startLocalTransaction, Boolean releaseConnectionOnSuccess)
   위치: System.Data.Entity.Core.Objects.ObjectContext.SaveChangesToStore(SaveOptions options, IDbExecutionStrategy executionStrategy, Boolean startLocalTransaction)
   위치: System.Data.Entity.Core.Objects.ObjectContext.<>c__DisplayClass148_0.<SaveChangesInternal>b__0()
   위치: System.Data.Entity.SqlServer.DefaultSqlExecutionStrategy.Execute[TResult](Func`1 operation)
   위치: System.Data.Entity.Core.Objects.ObjectContext.SaveChangesInternal(SaveOptions options, Boolean executeInExistingTransaction)
   위치: System.Data.Entity.Core.Objects.ObjectContext.SaveChanges(SaveOptions options)
   위치: System.Data.Entity.Internal.InternalContext.SaveChanges()
   --- 내부 예외 스택 추적의 끝 ---
   위치: System.Data.Entity.Internal.InternalContext.SaveChanges()
   위치: System.Data.Entity.Internal.LazyInternalContext.SaveChanges()
   위치: System.Data.Entity.DbContext.SaveChanges()
   위치: ERPProject.Logic.DataAccess.Setbookoutitem(BookOutItem bookOutItem) 파일 D:\GitRepository2\mini_project\MiniProject_Gumin\ERPProject\Logic\DataAccess.cs:줄 155
   위치: ERPProject.View.BookOut.AddBookOut.BtnAdd_Click(Object sender, RoutedEventArgs e) 파일 D:\GitRepository2\mini_project\MiniProject_Gumin\ERPProject\View\BookOut\AddBookOut.xaml.cs:줄 108
[2021/06/18 20:37:00.352] [TID:1] [Error]: 예외발생 : System.Data.Entity.Infrastructure.DbUpdateException: An error occurred while updating the entries. See the inner exception for details. ---> System.Data.Entity.Core.UpdateException: An error occurred while updating the entries. See the inner exception for details. ---> System.Data.SqlClient.SqlException: INSERT 문이 FOREIGN KEY 제약 조건 "FK_BookOut_Item"과(와) 충돌했습니다. 데이터베이스 "ERP", 테이블 "dbo.BookOut", column 'BookOutID'에서 충돌이 발생했습니다.
문이 종료되었습니다.
   위치: System.Data.SqlClient.SqlConnection.OnError(SqlException exception, Boolean breakConnection, Action`1 wrapCloseInAction)
   위치: System.Data.SqlClient.SqlInternalConnection.OnError(SqlException exception, Boolean breakConnection, Action`1 wrapCloseInAction)
   위치: System.Data.SqlClient.TdsParser.ThrowExceptionAndWarning(TdsParserStateObject stateObj, Boolean callerHasConnectionLock, Boolean asyncClose)
   위치: System.Data.SqlClient.TdsParser.TryRun(RunBehavior runBehavior, SqlCommand cmdHandler, SqlDataReader dataStream, BulkCopySimpleResultSet bulkCopyHandler, TdsParserStateObject stateObj, Boolean& dataReady)
   위치: System.Data.SqlClient.SqlDataReader.TryConsumeMetaData()
   위치: System.Data.SqlClient.SqlDataReader.get_MetaData()
   위치: System.Data.SqlClient.SqlCommand.FinishExecuteReader(SqlDataReader ds, RunBehavior runBehavior, String resetOptionsString, Boolean isInternal, Boolean forDescribeParameterEncryption, Boolean shouldCacheForAlwaysEncrypted)
   위치: System.Data.SqlClient.SqlCommand.RunExecuteReaderTds(CommandBehavior cmdBehavior, RunBehavior runBehavior, Boolean returnStream, Boolean async, Int32 timeout, Task& task, Boolean asyncWrite, Boolean inRetry, SqlDataReader ds, Boolean describeParameterEncryptionRequest)
   위치: System.Data.SqlClient.SqlCommand.RunExecuteReader(CommandBehavior cmdBehavior, RunBehavior runBehavior, Boolean returnStream, String method, TaskCompletionSource`1 completion, Int32 timeout, Task& task, Boolean& usedCache, Boolean asyncWrite, Boolean inRetry)
   위치: System.Data.SqlClient.SqlCommand.RunExecuteReader(CommandBehavior cmdBehavior, RunBehavior runBehavior, Boolean returnStream, String method)
   위치: System.Data.SqlClient.SqlCommand.ExecuteReader(CommandBehavior behavior, String method)
   위치: System.Data.SqlClient.SqlCommand.ExecuteDbDataReader(CommandBehavior behavior)
   위치: System.Data.Common.DbCommand.ExecuteReader(CommandBehavior behavior)
   위치: System.Data.Entity.Infrastructure.Interception.DbCommandDispatcher.<>c.<Reader>b__6_0(DbCommand t, DbCommandInterceptionContext`1 c)
   위치: System.Data.Entity.Infrastructure.Interception.InternalDispatcher`1.Dispatch[TTarget,TInterceptionContext,TResult](TTarget target, Func`3 operation, TInterceptionContext interceptionContext, Action`3 executing, Action`3 executed)
   위치: System.Data.Entity.Infrastructure.Interception.DbCommandDispatcher.Reader(DbCommand command, DbCommandInterceptionContext interceptionContext)
   위치: System.Data.Entity.Internal.InterceptableDbCommand.ExecuteDbDataReader(CommandBehavior behavior)
   위치: System.Data.Common.DbCommand.ExecuteReader(CommandBehavior behavior)
   위치: System.Data.Entity.Core.Mapping.Update.Internal.DynamicUpdateCommand.Execute(Dictionary`2 identifierValues, List`1 generatedValues)
   위치: System.Data.Entity.Core.Mapping.Update.Internal.UpdateTranslator.Update()
   --- 내부 예외 스택 추적의 끝 ---
   위치: System.Data.Entity.Core.Mapping.Update.Internal.UpdateTranslator.Update()
   위치: System.Data.Entity.Core.EntityClient.Internal.EntityAdapter.<>c.<Update>b__21_0(UpdateTranslator ut)
   위치: System.Data.Entity.Core.EntityClient.Internal.EntityAdapter.Update[T](T noChangesResult, Func`2 updateFunction)
   위치: System.Data.Entity.Core.EntityClient.Internal.EntityAdapter.Update()
   위치: System.Data.Entity.Core.Objects.ObjectContext.<SaveChangesToStore>b__153_0()
   위치: System.Data.Entity.Core.Objects.ObjectContext.ExecuteInTransaction[T](Func`1 func, IDbExecutionStrategy executionStrategy, Boolean startLocalTransaction, Boolean releaseConnectionOnSuccess)
   위치: System.Data.Entity.Core.Objects.ObjectContext.SaveChangesToStore(SaveOptions options, IDbExecutionStrategy executionStrategy, Boolean startLocalTransaction)
   위치: System.Data.Entity.Core.Objects.ObjectContext.<>c__DisplayClass148_0.<SaveChangesInternal>b__0()
   위치: System.Data.Entity.SqlServer.DefaultSqlExecutionStrategy.Execute[TResult](Func`1 operation)
   위치: System.Data.Entity.Core.Objects.ObjectContext.SaveChangesInternal(SaveOptions options, Boolean executeInExistingTransaction)
   위치: System.Data.Entity.Core.Objects.ObjectContext.SaveChanges(SaveOptions options)
   위치: System.Data.Entity.Internal.InternalContext.SaveChanges()
   --- 내부 예외 스택 추적의 끝 ---
   위치: System.Data.Entity.Internal.InternalContext.SaveChanges()
   위치: System.Data.Entity.Internal.LazyInternalContext.SaveChanges()
   위치: System.Data.Entity.DbContext.SaveChanges()
   위치: ERPProject.Logic.DataAccess.Setbookoutitem(BookOutItem bookOutItem) 파일 D:\GitRepository2\mini_project\MiniProject_Gumin\ERPProject\Logic\DataAccess.cs:줄 155
   위치: ERPProject.View.BookOut.AddBookOut.BtnAdd_Click(Object sender, RoutedEventArgs e) 파일 D:\GitRepository2\mini_project\MiniProject_Gumin\ERPProject\View\BookOut\AddBookOut.xaml.cs:줄 108
[2021/06/18 20:37:00.480] [TID:1] [Error]: 예외발생 : System.Data.Entity.Infrastructure.DbUpdateException: An error occurred while updating the entries. See the inner exception for details. ---> System.Data.Entity.Core.UpdateException: An error occurred while updating the entries. See the inner exception for details. ---> System.Data.SqlClient.SqlException: INSERT 문이 FOREIGN KEY 제약 조건 "FK_BookOut_Item"과(와) 충돌했습니다. 데이터베이스 "ERP", 테이블 "dbo.BookOut", column 'BookOutID'에서 충돌이 발생했습니다.
문이 종료되었습니다.
   위치: System.Data.SqlClient.SqlConnection.OnError(SqlException exception, Boolean breakConnection, Action`1 wrapCloseInAction)
   위치: System.Data.SqlClient.SqlInternalConnection.OnError(SqlException exception, Boolean breakConnection, Action`1 wrapCloseInAction)
   위치: System.Data.SqlClient.TdsParser.ThrowExceptionAndWarning(TdsParserStateObject stateObj, Boolean callerHasConnectionLock, Boolean asyncClose)
   위치: System.Data.SqlClient.TdsParser.TryRun(RunBehavior runBehavior, SqlCommand cmdHandler, SqlDataReader dataStream, BulkCopySimpleResultSet bulkCopyHandler, TdsParserStateObject stateObj, Boolean& dataReady)
   위치: System.Data.SqlClient.SqlDataReader.TryConsumeMetaData()
   위치: System.Data.SqlClient.SqlDataReader.get_MetaData()
   위치: System.Data.SqlClient.SqlCommand.FinishExecuteReader(SqlDataReader ds, RunBehavior runBehavior, String resetOptionsString, Boolean isInternal, Boolean forDescribeParameterEncryption, Boolean shouldCacheForAlwaysEncrypted)
   위치: System.Data.SqlClient.SqlCommand.RunExecuteReaderTds(CommandBehavior cmdBehavior, RunBehavior runBehavior, Boolean returnStream, Boolean async, Int32 timeout, Task& task, Boolean asyncWrite, Boolean inRetry, SqlDataReader ds, Boolean describeParameterEncryptionRequest)
   위치: System.Data.SqlClient.SqlCommand.RunExecuteReader(CommandBehavior cmdBehavior, RunBehavior runBehavior, Boolean returnStream, String method, TaskCompletionSource`1 completion, Int32 timeout, Task& task, Boolean& usedCache, Boolean asyncWrite, Boolean inRetry)
   위치: System.Data.SqlClient.SqlCommand.RunExecuteReader(CommandBehavior cmdBehavior, RunBehavior runBehavior, Boolean returnStream, String method)
   위치: System.Data.SqlClient.SqlCommand.ExecuteReader(CommandBehavior behavior, String method)
   위치: System.Data.SqlClient.SqlCommand.ExecuteDbDataReader(CommandBehavior behavior)
   위치: System.Data.Common.DbCommand.ExecuteReader(CommandBehavior behavior)
   위치: System.Data.Entity.Infrastructure.Interception.DbCommandDispatcher.<>c.<Reader>b__6_0(DbCommand t, DbCommandInterceptionContext`1 c)
   위치: System.Data.Entity.Infrastructure.Interception.InternalDispatcher`1.Dispatch[TTarget,TInterceptionContext,TResult](TTarget target, Func`3 operation, TInterceptionContext interceptionContext, Action`3 executing, Action`3 executed)
   위치: System.Data.Entity.Infrastructure.Interception.DbCommandDispatcher.Reader(DbCommand command, DbCommandInterceptionContext interceptionContext)
   위치: System.Data.Entity.Internal.InterceptableDbCommand.ExecuteDbDataReader(CommandBehavior behavior)
   위치: System.Data.Common.DbCommand.ExecuteReader(CommandBehavior behavior)
   위치: System.Data.Entity.Core.Mapping.Update.Internal.DynamicUpdateCommand.Execute(Dictionary`2 identifierValues, List`1 generatedValues)
   위치: System.Data.Entity.Core.Mapping.Update.Internal.UpdateTranslator.Update()
   --- 내부 예외 스택 추적의 끝 ---
   위치: System.Data.Entity.Core.Mapping.Update.Internal.UpdateTranslator.Update()
   위치: System.Data.Entity.Core.EntityClient.Internal.EntityAdapter.<>c.<Update>b__21_0(UpdateTranslator ut)
   위치: System.Data.Entity.Core.EntityClient.Internal.EntityAdapter.Update[T](T noChangesResult, Func`2 updateFunction)
   위치: System.Data.Entity.Core.EntityClient.Internal.EntityAdapter.Update()
   위치: System.Data.Entity.Core.Objects.ObjectContext.<SaveChangesToStore>b__153_0()
   위치: System.Data.Entity.Core.Objects.ObjectContext.ExecuteInTransaction[T](Func`1 func, IDbExecutionStrategy executionStrategy, Boolean startLocalTransaction, Boolean releaseConnectionOnSuccess)
   위치: System.Data.Entity.Core.Objects.ObjectContext.SaveChangesToStore(SaveOptions options, IDbExecutionStrategy executionStrategy, Boolean startLocalTransaction)
   위치: System.Data.Entity.Core.Objects.ObjectContext.<>c__DisplayClass148_0.<SaveChangesInternal>b__0()
   위치: System.Data.Entity.SqlServer.DefaultSqlExecutionStrategy.Execute[TResult](Func`1 operation)
   위치: System.Data.Entity.Core.Objects.ObjectContext.SaveChangesInternal(SaveOptions options, Boolean executeInExistingTransaction)
   위치: System.Data.Entity.Core.Objects.ObjectContext.SaveChanges(SaveOptions options)
   위치: System.Data.Entity.Internal.InternalContext.SaveChanges()
   --- 내부 예외 스택 추적의 끝 ---
   위치: System.Data.Entity.Internal.InternalContext.SaveChanges()
   위치: System.Data.Entity.Internal.LazyInternalContext.SaveChanges()
   위치: System.Data.Entity.DbContext.SaveChanges()
   위치: ERPProject.Logic.DataAccess.Setbookoutitem(BookOutItem bookOutItem) 파일 D:\GitRepository2\mini_project\MiniProject_Gumin\ERPProject\Logic\DataAccess.cs:줄 155
   위치: ERPProject.View.BookOut.AddBookOut.BtnAdd_Click(Object sender, RoutedEventArgs e) 파일 D:\GitRepository2\mini_project\MiniProject_Gumin\ERPProject\View\BookOut\AddBookOut.xaml.cs:줄 108
[2021/06/18 20:37:00.649] [TID:1] [Error]: 예외발생 : System.Data.Entity.Infrastructure.DbUpdateException: An error occurred while updating the entries. See the inner exception for details. ---> System.Data.Entity.Core.UpdateException: An error occurred while updating the entries. See the inner exception for details. ---> System.Data.SqlClient.SqlException: INSERT 문이 FOREIGN KEY 제약 조건 "FK_BookOut_Item"과(와) 충돌했습니다. 데이터베이스 "ERP", 테이블 "dbo.BookOut", column 'BookOutID'에서 충돌이 발생했습니다.
문이 종료되었습니다.
   위치: System.Data.SqlClient.SqlConnection.OnError(SqlException exception, Boolean breakConnection, Action`1 wrapCloseInAction)
   위치: System.Data.SqlClient.SqlInternalConnection.OnError(SqlException exception, Boolean breakConnection, Action`1 wrapCloseInAction)
   위치: System.Data.SqlClient.TdsParser.ThrowExceptionAndWarning(TdsParserStateObject stateObj, Boolean callerHasConnectionLock, Boolean asyncClose)
   위치: System.Data.SqlClient.TdsParser.TryRun(RunBehavior runBehavior, SqlCommand cmdHandler, SqlDataReader dataStream, BulkCopySimpleResultSet bulkCopyHandler, TdsParserStateObject stateObj, Boolean& dataReady)
   위치: System.Data.SqlClient.SqlDataReader.TryConsumeMetaData()
   위치: System.Data.SqlClient.SqlDataReader.get_MetaData()
   위치: System.Data.SqlClient.SqlCommand.FinishExecuteReader(SqlDataReader ds, RunBehavior runBehavior, String resetOptionsString, Boolean isInternal, Boolean forDescribeParameterEncryption, Boolean shouldCacheForAlwaysEncrypted)
   위치: System.Data.SqlClient.SqlCommand.RunExecuteReaderTds(CommandBehavior cmdBehavior, RunBehavior runBehavior, Boolean returnStream, Boolean async, Int32 timeout, Task& task, Boolean asyncWrite, Boolean inRetry, SqlDataReader ds, Boolean describeParameterEncryptionRequest)
   위치: System.Data.SqlClient.SqlCommand.RunExecuteReader(CommandBehavior cmdBehavior, RunBehavior runBehavior, Boolean returnStream, String method, TaskCompletionSource`1 completion, Int32 timeout, Task& task, Boolean& usedCache, Boolean asyncWrite, Boolean inRetry)
   위치: System.Data.SqlClient.SqlCommand.RunExecuteReader(CommandBehavior cmdBehavior, RunBehavior runBehavior, Boolean returnStream, String method)
   위치: System.Data.SqlClient.SqlCommand.ExecuteReader(CommandBehavior behavior, String method)
   위치: System.Data.SqlClient.SqlCommand.ExecuteDbDataReader(CommandBehavior behavior)
   위치: System.Data.Common.DbCommand.ExecuteReader(CommandBehavior behavior)
   위치: System.Data.Entity.Infrastructure.Interception.DbCommandDispatcher.<>c.<Reader>b__6_0(DbCommand t, DbCommandInterceptionContext`1 c)
   위치: System.Data.Entity.Infrastructure.Interception.InternalDispatcher`1.Dispatch[TTarget,TInterceptionContext,TResult](TTarget target, Func`3 operation, TInterceptionContext interceptionContext, Action`3 executing, Action`3 executed)
   위치: System.Data.Entity.Infrastructure.Interception.DbCommandDispatcher.Reader(DbCommand command, DbCommandInterceptionContext interceptionContext)
   위치: System.Data.Entity.Internal.InterceptableDbCommand.ExecuteDbDataReader(CommandBehavior behavior)
   위치: System.Data.Common.DbCommand.ExecuteReader(CommandBehavior behavior)
   위치: System.Data.Entity.Core.Mapping.Update.Internal.DynamicUpdateCommand.Execute(Dictionary`2 identifierValues, List`1 generatedValues)
   위치: System.Data.Entity.Core.Mapping.Update.Internal.UpdateTranslator.Update()
   --- 내부 예외 스택 추적의 끝 ---
   위치: System.Data.Entity.Core.Mapping.Update.Internal.UpdateTranslator.Update()
   위치: System.Data.Entity.Core.EntityClient.Internal.EntityAdapter.<>c.<Update>b__21_0(UpdateTranslator ut)
   위치: System.Data.Entity.Core.EntityClient.Internal.EntityAdapter.Update[T](T noChangesResult, Func`2 updateFunction)
   위치: System.Data.Entity.Core.EntityClient.Internal.EntityAdapter.Update()
   위치: System.Data.Entity.Core.Objects.ObjectContext.<SaveChangesToStore>b__153_0()
   위치: System.Data.Entity.Core.Objects.ObjectContext.ExecuteInTransaction[T](Func`1 func, IDbExecutionStrategy executionStrategy, Boolean startLocalTransaction, Boolean releaseConnectionOnSuccess)
   위치: System.Data.Entity.Core.Objects.ObjectContext.SaveChangesToStore(SaveOptions options, IDbExecutionStrategy executionStrategy, Boolean startLocalTransaction)
   위치: System.Data.Entity.Core.Objects.ObjectContext.<>c__DisplayClass148_0.<SaveChangesInternal>b__0()
   위치: System.Data.Entity.SqlServer.DefaultSqlExecutionStrategy.Execute[TResult](Func`1 operation)
   위치: System.Data.Entity.Core.Objects.ObjectContext.SaveChangesInternal(SaveOptions options, Boolean executeInExistingTransaction)
   위치: System.Data.Entity.Core.Objects.ObjectContext.SaveChanges(SaveOptions options)
   위치: System.Data.Entity.Internal.InternalContext.SaveChanges()
   --- 내부 예외 스택 추적의 끝 ---
   위치: System.Data.Entity.Internal.InternalContext.SaveChanges()
   위치: System.Data.Entity.Internal.LazyInternalContext.SaveChanges()
   위치: System.Data.Entity.DbContext.SaveChanges()
   위치: ERPProject.Logic.DataAccess.Setbookoutitem(BookOutItem bookOutItem) 파일 D:\GitRepository2\mini_project\MiniProject_Gumin\ERPProject\Logic\DataAccess.cs:줄 155
   위치: ERPProject.View.BookOut.AddBookOut.BtnAdd_Click(Object sender, RoutedEventArgs e) 파일 D:\GitRepository2\mini_project\MiniProject_Gumin\ERPProject\View\BookOut\AddBookOut.xaml.cs:줄 108
[2021/06/18 20:37:00.816] [TID:1] [Error]: 예외발생 : System.Data.Entity.Infrastructure.DbUpdateException: An error occurred while updating the entries. See the inner exception for details. ---> System.Data.Entity.Core.UpdateException: An error occurred while updating the entries. See the inner exception for details. ---> System.Data.SqlClient.SqlException: INSERT 문이 FOREIGN KEY 제약 조건 "FK_BookOut_Item"과(와) 충돌했습니다. 데이터베이스 "ERP", 테이블 "dbo.BookOut", column 'BookOutID'에서 충돌이 발생했습니다.
문이 종료되었습니다.
   위치: System.Data.SqlClient.SqlConnection.OnError(SqlException exception, Boolean breakConnection, Action`1 wrapCloseInAction)
   위치: System.Data.SqlClient.SqlInternalConnection.OnError(SqlException exception, Boolean breakConnection, Action`1 wrapCloseInAction)
   위치: System.Data.SqlClient.TdsParser.ThrowExceptionAndWarning(TdsParserStateObject stateObj, Boolean callerHasConnectionLock, Boolean asyncClose)
   위치: System.Data.SqlClient.TdsParser.TryRun(RunBehavior runBehavior, SqlCommand cmdHandler, SqlDataReader dataStream, BulkCopySimpleResultSet bulkCopyHandler, TdsParserStateObject stateObj, Boolean& dataReady)
   위치: System.Data.SqlClient.SqlDataReader.TryConsumeMetaData()
   위치: System.Data.SqlClient.SqlDataReader.get_MetaData()
   위치: System.Data.SqlClient.SqlCommand.FinishExecuteReader(SqlDataReader ds, RunBehavior runBehavior, String resetOptionsString, Boolean isInternal, Boolean forDescribeParameterEncryption, Boolean shouldCacheForAlwaysEncrypted)
   위치: System.Data.SqlClient.SqlCommand.RunExecuteReaderTds(CommandBehavior cmdBehavior, RunBehavior runBehavior, Boolean returnStream, Boolean async, Int32 timeout, Task& task, Boolean asyncWrite, Boolean inRetry, SqlDataReader ds, Boolean describeParameterEncryptionRequest)
   위치: System.Data.SqlClient.SqlCommand.RunExecuteReader(CommandBehavior cmdBehavior, RunBehavior runBehavior, Boolean returnStream, String method, TaskCompletionSource`1 completion, Int32 timeout, Task& task, Boolean& usedCache, Boolean asyncWrite, Boolean inRetry)
   위치: System.Data.SqlClient.SqlCommand.RunExecuteReader(CommandBehavior cmdBehavior, RunBehavior runBehavior, Boolean returnStream, String method)
   위치: System.Data.SqlClient.SqlCommand.ExecuteReader(CommandBehavior behavior, String method)
   위치: System.Data.SqlClient.SqlCommand.ExecuteDbDataReader(CommandBehavior behavior)
   위치: System.Data.Common.DbCommand.ExecuteReader(CommandBehavior behavior)
   위치: System.Data.Entity.Infrastructure.Interception.DbCommandDispatcher.<>c.<Reader>b__6_0(DbCommand t, DbCommandInterceptionContext`1 c)
   위치: System.Data.Entity.Infrastructure.Interception.InternalDispatcher`1.Dispatch[TTarget,TInterceptionContext,TResult](TTarget target, Func`3 operation, TInterceptionContext interceptionContext, Action`3 executing, Action`3 executed)
   위치: System.Data.Entity.Infrastructure.Interception.DbCommandDispatcher.Reader(DbCommand command, DbCommandInterceptionContext interceptionContext)
   위치: System.Data.Entity.Internal.InterceptableDbCommand.ExecuteDbDataReader(CommandBehavior behavior)
   위치: System.Data.Common.DbCommand.ExecuteReader(CommandBehavior behavior)
   위치: System.Data.Entity.Core.Mapping.Update.Internal.DynamicUpdateCommand.Execute(Dictionary`2 identifierValues, List`1 generatedValues)
   위치: System.Data.Entity.Core.Mapping.Update.Internal.UpdateTranslator.Update()
   --- 내부 예외 스택 추적의 끝 ---
   위치: System.Data.Entity.Core.Mapping.Update.Internal.UpdateTranslator.Update()
   위치: System.Data.Entity.Core.EntityClient.Internal.EntityAdapter.<>c.<Update>b__21_0(UpdateTranslator ut)
   위치: System.Data.Entity.Core.EntityClient.Internal.EntityAdapter.Update[T](T noChangesResult, Func`2 updateFunction)
   위치: System.Data.Entity.Core.EntityClient.Internal.EntityAdapter.Update()
   위치: System.Data.Entity.Core.Objects.ObjectContext.<SaveChangesToStore>b__153_0()
   위치: System.Data.Entity.Core.Objects.ObjectContext.ExecuteInTransaction[T](Func`1 func, IDbExecutionStrategy executionStrategy, Boolean startLocalTransaction, Boolean releaseConnectionOnSuccess)
   위치: System.Data.Entity.Core.Objects.ObjectContext.SaveChangesToStore(SaveOptions options, IDbExecutionStrategy executionStrategy, Boolean startLocalTransaction)
   위치: System.Data.Entity.Core.Objects.ObjectContext.<>c__DisplayClass148_0.<SaveChangesInternal>b__0()
   위치: System.Data.Entity.SqlServer.DefaultSqlExecutionStrategy.Execute[TResult](Func`1 operation)
   위치: System.Data.Entity.Core.Objects.ObjectContext.SaveChangesInternal(SaveOptions options, Boolean executeInExistingTransaction)
   위치: System.Data.Entity.Core.Objects.ObjectContext.SaveChanges(SaveOptions options)
   위치: System.Data.Entity.Internal.InternalContext.SaveChanges()
   --- 내부 예외 스택 추적의 끝 ---
   위치: System.Data.Entity.Internal.InternalContext.SaveChanges()
   위치: System.Data.Entity.Internal.LazyInternalContext.SaveChanges()
   위치: System.Data.Entity.DbContext.SaveChanges()
   위치: ERPProject.Logic.DataAccess.Setbookoutitem(BookOutItem bookOutItem) 파일 D:\GitRepository2\mini_project\MiniProject_Gumin\ERPProject\Logic\DataAccess.cs:줄 155
   위치: ERPProject.View.BookOut.AddBookOut.BtnAdd_Click(Object sender, RoutedEventArgs e) 파일 D:\GitRepository2\mini_project\MiniProject_Gumin\ERPProject\View\BookOut\AddBookOut.xaml.cs:줄 108
[2021/06/18 20:37:01.145] [TID:1] [Error]: 예외발생 : System.Data.Entity.Infrastructure.DbUpdateException: An error occurred while updating the entries. See the inner exception for details. ---> System.Data.Entity.Core.UpdateException: An error occurred while updating the entries. See the inner exception for details. ---> System.Data.SqlClient.SqlException: INSERT 문이 FOREIGN KEY 제약 조건 "FK_BookOut_Item"과(와) 충돌했습니다. 데이터베이스 "ERP", 테이블 "dbo.BookOut", column 'BookOutID'에서 충돌이 발생했습니다.
문이 종료되었습니다.
   위치: System.Data.SqlClient.SqlConnection.OnError(SqlException exception, Boolean breakConnection, Action`1 wrapCloseInAction)
   위치: System.Data.SqlClient.SqlInternalConnection.OnError(SqlException exception, Boolean breakConnection, Action`1 wrapCloseInAction)
   위치: System.Data.SqlClient.TdsParser.ThrowExceptionAndWarning(TdsParserStateObject stateObj, Boolean callerHasConnectionLock, Boolean asyncClose)
   위치: System.Data.SqlClient.TdsParser.TryRun(RunBehavior runBehavior, SqlCommand cmdHandler, SqlDataReader dataStream, BulkCopySimpleResultSet bulkCopyHandler, TdsParserStateObject stateObj, Boolean& dataReady)
   위치: System.Data.SqlClient.SqlDataReader.TryConsumeMetaData()
   위치: System.Data.SqlClient.SqlDataReader.get_MetaData()
   위치: System.Data.SqlClient.SqlCommand.FinishExecuteReader(SqlDataReader ds, RunBehavior runBehavior, String resetOptionsString, Boolean isInternal, Boolean forDescribeParameterEncryption, Boolean shouldCacheForAlwaysEncrypted)
   위치: System.Data.SqlClient.SqlCommand.RunExecuteReaderTds(CommandBehavior cmdBehavior, RunBehavior runBehavior, Boolean returnStream, Boolean async, Int32 timeout, Task& task, Boolean asyncWrite, Boolean inRetry, SqlDataReader ds, Boolean describeParameterEncryptionRequest)
   위치: System.Data.SqlClient.SqlCommand.RunExecuteReader(CommandBehavior cmdBehavior, RunBehavior runBehavior, Boolean returnStream, String method, TaskCompletionSource`1 completion, Int32 timeout, Task& task, Boolean& usedCache, Boolean asyncWrite, Boolean inRetry)
   위치: System.Data.SqlClient.SqlCommand.RunExecuteReader(CommandBehavior cmdBehavior, RunBehavior runBehavior, Boolean returnStream, String method)
   위치: System.Data.SqlClient.SqlCommand.ExecuteReader(CommandBehavior behavior, String method)
   위치: System.Data.SqlClient.SqlCommand.ExecuteDbDataReader(CommandBehavior behavior)
   위치: System.Data.Common.DbCommand.ExecuteReader(CommandBehavior behavior)
   위치: System.Data.Entity.Infrastructure.Interception.DbCommandDispatcher.<>c.<Reader>b__6_0(DbCommand t, DbCommandInterceptionContext`1 c)
   위치: System.Data.Entity.Infrastructure.Interception.InternalDispatcher`1.Dispatch[TTarget,TInterceptionContext,TResult](TTarget target, Func`3 operation, TInterceptionContext interceptionContext, Action`3 executing, Action`3 executed)
   위치: System.Data.Entity.Infrastructure.Interception.DbCommandDispatcher.Reader(DbCommand command, DbCommandInterceptionContext interceptionContext)
   위치: System.Data.Entity.Internal.InterceptableDbCommand.ExecuteDbDataReader(CommandBehavior behavior)
   위치: System.Data.Common.DbCommand.ExecuteReader(CommandBehavior behavior)
   위치: System.Data.Entity.Core.Mapping.Update.Internal.DynamicUpdateCommand.Execute(Dictionary`2 identifierValues, List`1 generatedValues)
   위치: System.Data.Entity.Core.Mapping.Update.Internal.UpdateTranslator.Update()
   --- 내부 예외 스택 추적의 끝 ---
   위치: System.Data.Entity.Core.Mapping.Update.Internal.UpdateTranslator.Update()
   위치: System.Data.Entity.Core.EntityClient.Internal.EntityAdapter.<>c.<Update>b__21_0(UpdateTranslator ut)
   위치: System.Data.Entity.Core.EntityClient.Internal.EntityAdapter.Update[T](T noChangesResult, Func`2 updateFunction)
   위치: System.Data.Entity.Core.EntityClient.Internal.EntityAdapter.Update()
   위치: System.Data.Entity.Core.Objects.ObjectContext.<SaveChangesToStore>b__153_0()
   위치: System.Data.Entity.Core.Objects.ObjectContext.ExecuteInTransaction[T](Func`1 func, IDbExecutionStrategy executionStrategy, Boolean startLocalTransaction, Boolean releaseConnectionOnSuccess)
   위치: System.Data.Entity.Core.Objects.ObjectContext.SaveChangesToStore(SaveOptions options, IDbExecutionStrategy executionStrategy, Boolean startLocalTransaction)
   위치: System.Data.Entity.Core.Objects.ObjectContext.<>c__DisplayClass148_0.<SaveChangesInternal>b__0()
   위치: System.Data.Entity.SqlServer.DefaultSqlExecutionStrategy.Execute[TResult](Func`1 operation)
   위치: System.Data.Entity.Core.Objects.ObjectContext.SaveChangesInternal(SaveOptions options, Boolean executeInExistingTransaction)
   위치: System.Data.Entity.Core.Objects.ObjectContext.SaveChanges(SaveOptions options)
   위치: System.Data.Entity.Internal.InternalContext.SaveChanges()
   --- 내부 예외 스택 추적의 끝 ---
   위치: System.Data.Entity.Internal.InternalContext.SaveChanges()
   위치: System.Data.Entity.Internal.LazyInternalContext.SaveChanges()
   위치: System.Data.Entity.DbContext.SaveChanges()
   위치: ERPProject.Logic.DataAccess.Setbookoutitem(BookOutItem bookOutItem) 파일 D:\GitRepository2\mini_project\MiniProject_Gumin\ERPProject\Logic\DataAccess.cs:줄 155
   위치: ERPProject.View.BookOut.AddBookOut.BtnAdd_Click(Object sender, RoutedEventArgs e) 파일 D:\GitRepository2\mini_project\MiniProject_Gumin\ERPProject\View\BookOut\AddBookOut.xaml.cs:줄 108
[2021/06/18 20:37:01.433] [TID:1] [Error]: 예외발생 : System.Data.Entity.Infrastructure.DbUpdateException: An error occurred while updating the entries. See the inner exception for details. ---> System.Data.Entity.Core.UpdateException: An error occurred while updating the entries. See the inner exception for details. ---> System.Data.SqlClient.SqlException: INSERT 문이 FOREIGN KEY 제약 조건 "FK_BookOut_Item"과(와) 충돌했습니다. 데이터베이스 "ERP", 테이블 "dbo.BookOut", column 'BookOutID'에서 충돌이 발생했습니다.
문이 종료되었습니다.
   위치: System.Data.SqlClient.SqlConnection.OnError(SqlException exception, Boolean breakConnection, Action`1 wrapCloseInAction)
   위치: System.Data.SqlClient.SqlInternalConnection.OnError(SqlException exception, Boolean breakConnection, Action`1 wrapCloseInAction)
   위치: System.Data.SqlClient.TdsParser.ThrowExceptionAndWarning(TdsParserStateObject stateObj, Boolean callerHasConnectionLock, Boolean asyncClose)
   위치: System.Data.SqlClient.TdsParser.TryRun(RunBehavior runBehavior, SqlCommand cmdHandler, SqlDataReader dataStream, BulkCopySimpleResultSet bulkCopyHandler, TdsParserStateObject stateObj, Boolean& dataReady)
   위치: System.Data.SqlClient.SqlDataReader.TryConsumeMetaData()
   위치: System.Data.SqlClient.SqlDataReader.get_MetaData()
   위치: System.Data.SqlClient.SqlCommand.FinishExecuteReader(SqlDataReader ds, RunBehavior runBehavior, String resetOptionsString, Boolean isInternal, Boolean forDescribeParameterEncryption, Boolean shouldCacheForAlwaysEncrypted)
   위치: System.Data.SqlClient.SqlCommand.RunExecuteReaderTds(CommandBehavior cmdBehavior, RunBehavior runBehavior, Boolean returnStream, Boolean async, Int32 timeout, Task& task, Boolean asyncWrite, Boolean inRetry, SqlDataReader ds, Boolean describeParameterEncryptionRequest)
   위치: System.Data.SqlClient.SqlCommand.RunExecuteReader(CommandBehavior cmdBehavior, RunBehavior runBehavior, Boolean returnStream, String method, TaskCompletionSource`1 completion, Int32 timeout, Task& task, Boolean& usedCache, Boolean asyncWrite, Boolean inRetry)
   위치: System.Data.SqlClient.SqlCommand.RunExecuteReader(CommandBehavior cmdBehavior, RunBehavior runBehavior, Boolean returnStream, String method)
   위치: System.Data.SqlClient.SqlCommand.ExecuteReader(CommandBehavior behavior, String method)
   위치: System.Data.SqlClient.SqlCommand.ExecuteDbDataReader(CommandBehavior behavior)
   위치: System.Data.Common.DbCommand.ExecuteReader(CommandBehavior behavior)
   위치: System.Data.Entity.Infrastructure.Interception.DbCommandDispatcher.<>c.<Reader>b__6_0(DbCommand t, DbCommandInterceptionContext`1 c)
   위치: System.Data.Entity.Infrastructure.Interception.InternalDispatcher`1.Dispatch[TTarget,TInterceptionContext,TResult](TTarget target, Func`3 operation, TInterceptionContext interceptionContext, Action`3 executing, Action`3 executed)
   위치: System.Data.Entity.Infrastructure.Interception.DbCommandDispatcher.Reader(DbCommand command, DbCommandInterceptionContext interceptionContext)
   위치: System.Data.Entity.Internal.InterceptableDbCommand.ExecuteDbDataReader(CommandBehavior behavior)
   위치: System.Data.Common.DbCommand.ExecuteReader(CommandBehavior behavior)
   위치: System.Data.Entity.Core.Mapping.Update.Internal.DynamicUpdateCommand.Execute(Dictionary`2 identifierValues, List`1 generatedValues)
   위치: System.Data.Entity.Core.Mapping.Update.Internal.UpdateTranslator.Update()
   --- 내부 예외 스택 추적의 끝 ---
   위치: System.Data.Entity.Core.Mapping.Update.Internal.UpdateTranslator.Update()
   위치: System.Data.Entity.Core.EntityClient.Internal.EntityAdapter.<>c.<Update>b__21_0(UpdateTranslator ut)
   위치: System.Data.Entity.Core.EntityClient.Internal.EntityAdapter.Update[T](T noChangesResult, Func`2 updateFunction)
   위치: System.Data.Entity.Core.EntityClient.Internal.EntityAdapter.Update()
   위치: System.Data.Entity.Core.Objects.ObjectContext.<SaveChangesToStore>b__153_0()
   위치: System.Data.Entity.Core.Objects.ObjectContext.ExecuteInTransaction[T](Func`1 func, IDbExecutionStrategy executionStrategy, Boolean startLocalTransaction, Boolean releaseConnectionOnSuccess)
   위치: System.Data.Entity.Core.Objects.ObjectContext.SaveChangesToStore(SaveOptions options, IDbExecutionStrategy executionStrategy, Boolean startLocalTransaction)
   위치: System.Data.Entity.Core.Objects.ObjectContext.<>c__DisplayClass148_0.<SaveChangesInternal>b__0()
   위치: System.Data.Entity.SqlServer.DefaultSqlExecutionStrategy.Execute[TResult](Func`1 operation)
   위치: System.Data.Entity.Core.Objects.ObjectContext.SaveChangesInternal(SaveOptions options, Boolean executeInExistingTransaction)
   위치: System.Data.Entity.Core.Objects.ObjectContext.SaveChanges(SaveOptions options)
   위치: System.Data.Entity.Internal.InternalContext.SaveChanges()
   --- 내부 예외 스택 추적의 끝 ---
   위치: System.Data.Entity.Internal.InternalContext.SaveChanges()
   위치: System.Data.Entity.Internal.LazyInternalContext.SaveChanges()
   위치: System.Data.Entity.DbContext.SaveChanges()
   위치: ERPProject.Logic.DataAccess.Setbookoutitem(BookOutItem bookOutItem) 파일 D:\GitRepository2\mini_project\MiniProject_Gumin\ERPProject\Logic\DataAccess.cs:줄 155
   위치: ERPProject.View.BookOut.AddBookOut.BtnAdd_Click(Object sender, RoutedEventArgs e) 파일 D:\GitRepository2\mini_project\MiniProject_Gumin\ERPProject\View\BookOut\AddBookOut.xaml.cs:줄 108
[2021/06/18 20:37:01.634] [TID:1] [Error]: 예외발생 : System.Data.Entity.Infrastructure.DbUpdateException: An error occurred while updating the entries. See the inner exception for details. ---> System.Data.Entity.Core.UpdateException: An error occurred while updating the entries. See the inner exception for details. ---> System.Data.SqlClient.SqlException: INSERT 문이 FOREIGN KEY 제약 조건 "FK_BookOut_Item"과(와) 충돌했습니다. 데이터베이스 "ERP", 테이블 "dbo.BookOut", column 'BookOutID'에서 충돌이 발생했습니다.
문이 종료되었습니다.
   위치: System.Data.SqlClient.SqlConnection.OnError(SqlException exception, Boolean breakConnection, Action`1 wrapCloseInAction)
   위치: System.Data.SqlClient.SqlInternalConnection.OnError(SqlException exception, Boolean breakConnection, Action`1 wrapCloseInAction)
   위치: System.Data.SqlClient.TdsParser.ThrowExceptionAndWarning(TdsParserStateObject stateObj, Boolean callerHasConnectionLock, Boolean asyncClose)
   위치: System.Data.SqlClient.TdsParser.TryRun(RunBehavior runBehavior, SqlCommand cmdHandler, SqlDataReader dataStream, BulkCopySimpleResultSet bulkCopyHandler, TdsParserStateObject stateObj, Boolean& dataReady)
   위치: System.Data.SqlClient.SqlDataReader.TryConsumeMetaData()
   위치: System.Data.SqlClient.SqlDataReader.get_MetaData()
   위치: System.Data.SqlClient.SqlCommand.FinishExecuteReader(SqlDataReader ds, RunBehavior runBehavior, String resetOptionsString, Boolean isInternal, Boolean forDescribeParameterEncryption, Boolean shouldCacheForAlwaysEncrypted)
   위치: System.Data.SqlClient.SqlCommand.RunExecuteReaderTds(CommandBehavior cmdBehavior, RunBehavior runBehavior, Boolean returnStream, Boolean async, Int32 timeout, Task& task, Boolean asyncWrite, Boolean inRetry, SqlDataReader ds, Boolean describeParameterEncryptionRequest)
   위치: System.Data.SqlClient.SqlCommand.RunExecuteReader(CommandBehavior cmdBehavior, RunBehavior runBehavior, Boolean returnStream, String method, TaskCompletionSource`1 completion, Int32 timeout, Task& task, Boolean& usedCache, Boolean asyncWrite, Boolean inRetry)
   위치: System.Data.SqlClient.SqlCommand.RunExecuteReader(CommandBehavior cmdBehavior, RunBehavior runBehavior, Boolean returnStream, String method)
   위치: System.Data.SqlClient.SqlCommand.ExecuteReader(CommandBehavior behavior, String method)
   위치: System.Data.SqlClient.SqlCommand.ExecuteDbDataReader(CommandBehavior behavior)
   위치: System.Data.Common.DbCommand.ExecuteReader(CommandBehavior behavior)
   위치: System.Data.Entity.Infrastructure.Interception.DbCommandDispatcher.<>c.<Reader>b__6_0(DbCommand t, DbCommandInterceptionContext`1 c)
   위치: System.Data.Entity.Infrastructure.Interception.InternalDispatcher`1.Dispatch[TTarget,TInterceptionContext,TResult](TTarget target, Func`3 operation, TInterceptionContext interceptionContext, Action`3 executing, Action`3 executed)
   위치: System.Data.Entity.Infrastructure.Interception.DbCommandDispatcher.Reader(DbCommand command, DbCommandInterceptionContext interceptionContext)
   위치: System.Data.Entity.Internal.InterceptableDbCommand.ExecuteDbDataReader(CommandBehavior behavior)
   위치: System.Data.Common.DbCommand.ExecuteReader(CommandBehavior behavior)
   위치: System.Data.Entity.Core.Mapping.Update.Internal.DynamicUpdateCommand.Execute(Dictionary`2 identifierValues, List`1 generatedValues)
   위치: System.Data.Entity.Core.Mapping.Update.Internal.UpdateTranslator.Update()
   --- 내부 예외 스택 추적의 끝 ---
   위치: System.Data.Entity.Core.Mapping.Update.Internal.UpdateTranslator.Update()
   위치: System.Data.Entity.Core.EntityClient.Internal.EntityAdapter.<>c.<Update>b__21_0(UpdateTranslator ut)
   위치: System.Data.Entity.Core.EntityClient.Internal.EntityAdapter.Update[T](T noChangesResult, Func`2 updateFunction)
   위치: System.Data.Entity.Core.EntityClient.Internal.EntityAdapter.Update()
   위치: System.Data.Entity.Core.Objects.ObjectContext.<SaveChangesToStore>b__153_0()
   위치: System.Data.Entity.Core.Objects.ObjectContext.ExecuteInTransaction[T](Func`1 func, IDbExecutionStrategy executionStrategy, Boolean startLocalTransaction, Boolean releaseConnectionOnSuccess)
   위치: System.Data.Entity.Core.Objects.ObjectContext.SaveChangesToStore(SaveOptions options, IDbExecutionStrategy executionStrategy, Boolean startLocalTransaction)
   위치: System.Data.Entity.Core.Objects.ObjectContext.<>c__DisplayClass148_0.<SaveChangesInternal>b__0()
   위치: System.Data.Entity.SqlServer.DefaultSqlExecutionStrategy.Execute[TResult](Func`1 operation)
   위치: System.Data.Entity.Core.Objects.ObjectContext.SaveChangesInternal(SaveOptions options, Boolean executeInExistingTransaction)
   위치: System.Data.Entity.Core.Objects.ObjectContext.SaveChanges(SaveOptions options)
   위치: System.Data.Entity.Internal.InternalContext.SaveChanges()
   --- 내부 예외 스택 추적의 끝 ---
   위치: System.Data.Entity.Internal.InternalContext.SaveChanges()
   위치: System.Data.Entity.Internal.LazyInternalContext.SaveChanges()
   위치: System.Data.Entity.DbContext.SaveChanges()
   위치: ERPProject.Logic.DataAccess.Setbookoutitem(BookOutItem bookOutItem) 파일 D:\GitRepository2\mini_project\MiniProject_Gumin\ERPProject\Logic\DataAccess.cs:줄 155
   위치: ERPProject.View.BookOut.AddBookOut.BtnAdd_Click(Object sender, RoutedEventArgs e) 파일 D:\GitRepository2\mini_project\MiniProject_Gumin\ERPProject\View\BookOut\AddBookOut.xaml.cs:줄 108
[2021/06/18 20:37:02.012] [TID:1] [Error]: 예외발생 : System.Data.Entity.Infrastructure.DbUpdateException: An error occurred while updating the entries. See the inner exception for details. ---> System.Data.Entity.Core.UpdateException: An error occurred while updating the entries. See the inner exception for details. ---> System.Data.SqlClient.SqlException: INSERT 문이 FOREIGN KEY 제약 조건 "FK_BookOut_Item"과(와) 충돌했습니다. 데이터베이스 "ERP", 테이블 "dbo.BookOut", column 'BookOutID'에서 충돌이 발생했습니다.
문이 종료되었습니다.
   위치: System.Data.SqlClient.SqlConnection.OnError(SqlException exception, Boolean breakConnection, Action`1 wrapCloseInAction)
   위치: System.Data.SqlClient.SqlInternalConnection.OnError(SqlException exception, Boolean breakConnection, Action`1 wrapCloseInAction)
   위치: System.Data.SqlClient.TdsParser.ThrowExceptionAndWarning(TdsParserStateObject stateObj, Boolean callerHasConnectionLock, Boolean asyncClose)
   위치: System.Data.SqlClient.TdsParser.TryRun(RunBehavior runBehavior, SqlCommand cmdHandler, SqlDataReader dataStream, BulkCopySimpleResultSet bulkCopyHandler, TdsParserStateObject stateObj, Boolean& dataReady)
   위치: System.Data.SqlClient.SqlDataReader.TryConsumeMetaData()
   위치: System.Data.SqlClient.SqlDataReader.get_MetaData()
   위치: System.Data.SqlClient.SqlCommand.FinishExecuteReader(SqlDataReader ds, RunBehavior runBehavior, String resetOptionsString, Boolean isInternal, Boolean forDescribeParameterEncryption, Boolean shouldCacheForAlwaysEncrypted)
   위치: System.Data.SqlClient.SqlCommand.RunExecuteReaderTds(CommandBehavior cmdBehavior, RunBehavior runBehavior, Boolean returnStream, Boolean async, Int32 timeout, Task& task, Boolean asyncWrite, Boolean inRetry, SqlDataReader ds, Boolean describeParameterEncryptionRequest)
   위치: System.Data.SqlClient.SqlCommand.RunExecuteReader(CommandBehavior cmdBehavior, RunBehavior runBehavior, Boolean returnStream, String method, TaskCompletionSource`1 completion, Int32 timeout, Task& task, Boolean& usedCache, Boolean asyncWrite, Boolean inRetry)
   위치: System.Data.SqlClient.SqlCommand.RunExecuteReader(CommandBehavior cmdBehavior, RunBehavior runBehavior, Boolean returnStream, String method)
   위치: System.Data.SqlClient.SqlCommand.ExecuteReader(CommandBehavior behavior, String method)
   위치: System.Data.SqlClient.SqlCommand.ExecuteDbDataReader(CommandBehavior behavior)
   위치: System.Data.Common.DbCommand.ExecuteReader(CommandBehavior behavior)
   위치: System.Data.Entity.Infrastructure.Interception.DbCommandDispatcher.<>c.<Reader>b__6_0(DbCommand t, DbCommandInterceptionContext`1 c)
   위치: System.Data.Entity.Infrastructure.Interception.InternalDispatcher`1.Dispatch[TTarget,TInterceptionContext,TResult](TTarget target, Func`3 operation, TInterceptionContext interceptionContext, Action`3 executing, Action`3 executed)
   위치: System.Data.Entity.Infrastructure.Interception.DbCommandDispatcher.Reader(DbCommand command, DbCommandInterceptionContext interceptionContext)
   위치: System.Data.Entity.Internal.InterceptableDbCommand.ExecuteDbDataReader(CommandBehavior behavior)
   위치: System.Data.Common.DbCommand.ExecuteReader(CommandBehavior behavior)
   위치: System.Data.Entity.Core.Mapping.Update.Internal.DynamicUpdateCommand.Execute(Dictionary`2 identifierValues, List`1 generatedValues)
   위치: System.Data.Entity.Core.Mapping.Update.Internal.UpdateTranslator.Update()
   --- 내부 예외 스택 추적의 끝 ---
   위치: System.Data.Entity.Core.Mapping.Update.Internal.UpdateTranslator.Update()
   위치: System.Data.Entity.Core.EntityClient.Internal.EntityAdapter.<>c.<Update>b__21_0(UpdateTranslator ut)
   위치: System.Data.Entity.Core.EntityClient.Internal.EntityAdapter.Update[T](T noChangesResult, Func`2 updateFunction)
   위치: System.Data.Entity.Core.EntityClient.Internal.EntityAdapter.Update()
   위치: System.Data.Entity.Core.Objects.ObjectContext.<SaveChangesToStore>b__153_0()
   위치: System.Data.Entity.Core.Objects.ObjectContext.ExecuteInTransaction[T](Func`1 func, IDbExecutionStrategy executionStrategy, Boolean startLocalTransaction, Boolean releaseConnectionOnSuccess)
   위치: System.Data.Entity.Core.Objects.ObjectContext.SaveChangesToStore(SaveOptions options, IDbExecutionStrategy executionStrategy, Boolean startLocalTransaction)
   위치: System.Data.Entity.Core.Objects.ObjectContext.<>c__DisplayClass148_0.<SaveChangesInternal>b__0()
   위치: System.Data.Entity.SqlServer.DefaultSqlExecutionStrategy.Execute[TResult](Func`1 operation)
   위치: System.Data.Entity.Core.Objects.ObjectContext.SaveChangesInternal(SaveOptions options, Boolean executeInExistingTransaction)
   위치: System.Data.Entity.Core.Objects.ObjectContext.SaveChanges(SaveOptions options)
   위치: System.Data.Entity.Internal.InternalContext.SaveChanges()
   --- 내부 예외 스택 추적의 끝 ---
   위치: System.Data.Entity.Internal.InternalContext.SaveChanges()
   위치: System.Data.Entity.Internal.LazyInternalContext.SaveChanges()
   위치: System.Data.Entity.DbContext.SaveChanges()
   위치: ERPProject.Logic.DataAccess.Setbookoutitem(BookOutItem bookOutItem) 파일 D:\GitRepository2\mini_project\MiniProject_Gumin\ERPProject\Logic\DataAccess.cs:줄 155
   위치: ERPProject.View.BookOut.AddBookOut.BtnAdd_Click(Object sender, RoutedEventArgs e) 파일 D:\GitRepository2\mini_project\MiniProject_Gumin\ERPProject\View\BookOut\AddBookOut.xaml.cs:줄 108
[2021/06/18 20:37:02.241] [TID:1] [Error]: 예외발생 : System.Data.Entity.Infrastructure.DbUpdateException: An error occurred while updating the entries. See the inner exception for details. ---> System.Data.Entity.Core.UpdateException: An error occurred while updating the entries. See the inner exception for details. ---> System.Data.SqlClient.SqlException: INSERT 문이 FOREIGN KEY 제약 조건 "FK_BookOut_Item"과(와) 충돌했습니다. 데이터베이스 "ERP", 테이블 "dbo.BookOut", column 'BookOutID'에서 충돌이 발생했습니다.
문이 종료되었습니다.
   위치: System.Data.SqlClient.SqlConnection.OnError(SqlException exception, Boolean breakConnection, Action`1 wrapCloseInAction)
   위치: System.Data.SqlClient.SqlInternalConnection.OnError(SqlException exception, Boolean breakConnection, Action`1 wrapCloseInAction)
   위치: System.Data.SqlClient.TdsParser.ThrowExceptionAndWarning(TdsParserStateObject stateObj, Boolean callerHasConnectionLock, Boolean asyncClose)
   위치: System.Data.SqlClient.TdsParser.TryRun(RunBehavior runBehavior, SqlCommand cmdHandler, SqlDataReader dataStream, BulkCopySimpleResultSet bulkCopyHandler, TdsParserStateObject stateObj, Boolean& dataReady)
   위치: System.Data.SqlClient.SqlDataReader.TryConsumeMetaData()
   위치: System.Data.SqlClient.SqlDataReader.get_MetaData()
   위치: System.Data.SqlClient.SqlCommand.FinishExecuteReader(SqlDataReader ds, RunBehavior runBehavior, String resetOptionsString, Boolean isInternal, Boolean forDescribeParameterEncryption, Boolean shouldCacheForAlwaysEncrypted)
   위치: System.Data.SqlClient.SqlCommand.RunExecuteReaderTds(CommandBehavior cmdBehavior, RunBehavior runBehavior, Boolean returnStream, Boolean async, Int32 timeout, Task& task, Boolean asyncWrite, Boolean inRetry, SqlDataReader ds, Boolean describeParameterEncryptionRequest)
   위치: System.Data.SqlClient.SqlCommand.RunExecuteReader(CommandBehavior cmdBehavior, RunBehavior runBehavior, Boolean returnStream, String method, TaskCompletionSource`1 completion, Int32 timeout, Task& task, Boolean& usedCache, Boolean asyncWrite, Boolean inRetry)
   위치: System.Data.SqlClient.SqlCommand.RunExecuteReader(CommandBehavior cmdBehavior, RunBehavior runBehavior, Boolean returnStream, String method)
   위치: System.Data.SqlClient.SqlCommand.ExecuteReader(CommandBehavior behavior, String method)
   위치: System.Data.SqlClient.SqlCommand.ExecuteDbDataReader(CommandBehavior behavior)
   위치: System.Data.Common.DbCommand.ExecuteReader(CommandBehavior behavior)
   위치: System.Data.Entity.Infrastructure.Interception.DbCommandDispatcher.<>c.<Reader>b__6_0(DbCommand t, DbCommandInterceptionContext`1 c)
   위치: System.Data.Entity.Infrastructure.Interception.InternalDispatcher`1.Dispatch[TTarget,TInterceptionContext,TResult](TTarget target, Func`3 operation, TInterceptionContext interceptionContext, Action`3 executing, Action`3 executed)
   위치: System.Data.Entity.Infrastructure.Interception.DbCommandDispatcher.Reader(DbCommand command, DbCommandInterceptionContext interceptionContext)
   위치: System.Data.Entity.Internal.InterceptableDbCommand.ExecuteDbDataReader(CommandBehavior behavior)
   위치: System.Data.Common.DbCommand.ExecuteReader(CommandBehavior behavior)
   위치: System.Data.Entity.Core.Mapping.Update.Internal.DynamicUpdateCommand.Execute(Dictionary`2 identifierValues, List`1 generatedValues)
   위치: System.Data.Entity.Core.Mapping.Update.Internal.UpdateTranslator.Update()
   --- 내부 예외 스택 추적의 끝 ---
   위치: System.Data.Entity.Core.Mapping.Update.Internal.UpdateTranslator.Update()
   위치: System.Data.Entity.Core.EntityClient.Internal.EntityAdapter.<>c.<Update>b__21_0(UpdateTranslator ut)
   위치: System.Data.Entity.Core.EntityClient.Internal.EntityAdapter.Update[T](T noChangesResult, Func`2 updateFunction)
   위치: System.Data.Entity.Core.EntityClient.Internal.EntityAdapter.Update()
   위치: System.Data.Entity.Core.Objects.ObjectContext.<SaveChangesToStore>b__153_0()
   위치: System.Data.Entity.Core.Objects.ObjectContext.ExecuteInTransaction[T](Func`1 func, IDbExecutionStrategy executionStrategy, Boolean startLocalTransaction, Boolean releaseConnectionOnSuccess)
   위치: System.Data.Entity.Core.Objects.ObjectContext.SaveChangesToStore(SaveOptions options, IDbExecutionStrategy executionStrategy, Boolean startLocalTransaction)
   위치: System.Data.Entity.Core.Objects.ObjectContext.<>c__DisplayClass148_0.<SaveChangesInternal>b__0()
   위치: System.Data.Entity.SqlServer.DefaultSqlExecutionStrategy.Execute[TResult](Func`1 operation)
   위치: System.Data.Entity.Core.Objects.ObjectContext.SaveChangesInternal(SaveOptions options, Boolean executeInExistingTransaction)
   위치: System.Data.Entity.Core.Objects.ObjectContext.SaveChanges(SaveOptions options)
   위치: System.Data.Entity.Internal.InternalContext.SaveChanges()
   --- 내부 예외 스택 추적의 끝 ---
   위치: System.Data.Entity.Internal.InternalContext.SaveChanges()
   위치: System.Data.Entity.Internal.LazyInternalContext.SaveChanges()
   위치: System.Data.Entity.DbContext.SaveChanges()
   위치: ERPProject.Logic.DataAccess.Setbookoutitem(BookOutItem bookOutItem) 파일 D:\GitRepository2\mini_project\MiniProject_Gumin\ERPProject\Logic\DataAccess.cs:줄 155
   위치: ERPProject.View.BookOut.AddBookOut.BtnAdd_Click(Object sender, RoutedEventArgs e) 파일 D:\GitRepository2\mini_project\MiniProject_Gumin\ERPProject\View\BookOut\AddBookOut.xaml.cs:줄 108
[2021/06/18 20:37:02.448] [TID:1] [Error]: 예외발생 : System.Data.Entity.Infrastructure.DbUpdateException: An error occurred while updating the entries. See the inner exception for details. ---> System.Data.Entity.Core.UpdateException: An error occurred while updating the entries. See the inner exception for details. ---> System.Data.SqlClient.SqlException: INSERT 문이 FOREIGN KEY 제약 조건 "FK_BookOut_Item"과(와) 충돌했습니다. 데이터베이스 "ERP", 테이블 "dbo.BookOut", column 'BookOutID'에서 충돌이 발생했습니다.
문이 종료되었습니다.
   위치: System.Data.SqlClient.SqlConnection.OnError(SqlException exception, Boolean breakConnection, Action`1 wrapCloseInAction)
   위치: System.Data.SqlClient.SqlInternalConnection.OnError(SqlException exception, Boolean breakConnection, Action`1 wrapCloseInAction)
   위치: System.Data.SqlClient.TdsParser.ThrowExceptionAndWarning(TdsParserStateObject stateObj, Boolean callerHasConnectionLock, Boolean asyncClose)
   위치: System.Data.SqlClient.TdsParser.TryRun(RunBehavior runBehavior, SqlCommand cmdHandler, SqlDataReader dataStream, BulkCopySimpleResultSet bulkCopyHandler, TdsParserStateObject stateObj, Boolean& dataReady)
   위치: System.Data.SqlClient.SqlDataReader.TryConsumeMetaData()
   위치: System.Data.SqlClient.SqlDataReader.get_MetaData()
   위치: System.Data.SqlClient.SqlCommand.FinishExecuteReader(SqlDataReader ds, RunBehavior runBehavior, String resetOptionsString, Boolean isInternal, Boolean forDescribeParameterEncryption, Boolean shouldCacheForAlwaysEncrypted)
   위치: System.Data.SqlClient.SqlCommand.RunExecuteReaderTds(CommandBehavior cmdBehavior, RunBehavior runBehavior, Boolean returnStream, Boolean async, Int32 timeout, Task& task, Boolean asyncWrite, Boolean inRetry, SqlDataReader ds, Boolean describeParameterEncryptionRequest)
   위치: System.Data.SqlClient.SqlCommand.RunExecuteReader(CommandBehavior cmdBehavior, RunBehavior runBehavior, Boolean returnStream, String method, TaskCompletionSource`1 completion, Int32 timeout, Task& task, Boolean& usedCache, Boolean asyncWrite, Boolean inRetry)
   위치: System.Data.SqlClient.SqlCommand.RunExecuteReader(CommandBehavior cmdBehavior, RunBehavior runBehavior, Boolean returnStream, String method)
   위치: System.Data.SqlClient.SqlCommand.ExecuteReader(CommandBehavior behavior, String method)
   위치: System.Data.SqlClient.SqlCommand.ExecuteDbDataReader(CommandBehavior behavior)
   위치: System.Data.Common.DbCommand.ExecuteReader(CommandBehavior behavior)
   위치: System.Data.Entity.Infrastructure.Interception.DbCommandDispatcher.<>c.<Reader>b__6_0(DbCommand t, DbCommandInterceptionContext`1 c)
   위치: System.Data.Entity.Infrastructure.Interception.InternalDispatcher`1.Dispatch[TTarget,TInterceptionContext,TResult](TTarget target, Func`3 operation, TInterceptionContext interceptionContext, Action`3 executing, Action`3 executed)
   위치: System.Data.Entity.Infrastructure.Interception.DbCommandDispatcher.Reader(DbCommand command, DbCommandInterceptionContext interceptionContext)
   위치: System.Data.Entity.Internal.InterceptableDbCommand.ExecuteDbDataReader(CommandBehavior behavior)
   위치: System.Data.Common.DbCommand.ExecuteReader(CommandBehavior behavior)
   위치: System.Data.Entity.Core.Mapping.Update.Internal.DynamicUpdateCommand.Execute(Dictionary`2 identifierValues, List`1 generatedValues)
   위치: System.Data.Entity.Core.Mapping.Update.Internal.UpdateTranslator.Update()
   --- 내부 예외 스택 추적의 끝 ---
   위치: System.Data.Entity.Core.Mapping.Update.Internal.UpdateTranslator.Update()
   위치: System.Data.Entity.Core.EntityClient.Internal.EntityAdapter.<>c.<Update>b__21_0(UpdateTranslator ut)
   위치: System.Data.Entity.Core.EntityClient.Internal.EntityAdapter.Update[T](T noChangesResult, Func`2 updateFunction)
   위치: System.Data.Entity.Core.EntityClient.Internal.EntityAdapter.Update()
   위치: System.Data.Entity.Core.Objects.ObjectContext.<SaveChangesToStore>b__153_0()
   위치: System.Data.Entity.Core.Objects.ObjectContext.ExecuteInTransaction[T](Func`1 func, IDbExecutionStrategy executionStrategy, Boolean startLocalTransaction, Boolean releaseConnectionOnSuccess)
   위치: System.Data.Entity.Core.Objects.ObjectContext.SaveChangesToStore(SaveOptions options, IDbExecutionStrategy executionStrategy, Boolean startLocalTransaction)
   위치: System.Data.Entity.Core.Objects.ObjectContext.<>c__DisplayClass148_0.<SaveChangesInternal>b__0()
   위치: System.Data.Entity.SqlServer.DefaultSqlExecutionStrategy.Execute[TResult](Func`1 operation)
   위치: System.Data.Entity.Core.Objects.ObjectContext.SaveChangesInternal(SaveOptions options, Boolean executeInExistingTransaction)
   위치: System.Data.Entity.Core.Objects.ObjectContext.SaveChanges(SaveOptions options)
   위치: System.Data.Entity.Internal.InternalContext.SaveChanges()
   --- 내부 예외 스택 추적의 끝 ---
   위치: System.Data.Entity.Internal.InternalContext.SaveChanges()
   위치: System.Data.Entity.Internal.LazyInternalContext.SaveChanges()
   위치: System.Data.Entity.DbContext.SaveChanges()
   위치: ERPProject.Logic.DataAccess.Setbookoutitem(BookOutItem bookOutItem) 파일 D:\GitRepository2\mini_project\MiniProject_Gumin\ERPProject\Logic\DataAccess.cs:줄 155
   위치: ERPProject.View.BookOut.AddBookOut.BtnAdd_Click(Object sender, RoutedEventArgs e) 파일 D:\GitRepository2\mini_project\MiniProject_Gumin\ERPProject\View\BookOut\AddBookOut.xaml.cs:줄 108
[2021/06/18 20:37:02.785] [TID:1] [Error]: 예외발생 : System.Data.Entity.Infrastructure.DbUpdateException: An error occurred while updating the entries. See the inner exception for details. ---> System.Data.Entity.Core.UpdateException: An error occurred while updating the entries. See the inner exception for details. ---> System.Data.SqlClient.SqlException: INSERT 문이 FOREIGN KEY 제약 조건 "FK_BookOut_Item"과(와) 충돌했습니다. 데이터베이스 "ERP", 테이블 "dbo.BookOut", column 'BookOutID'에서 충돌이 발생했습니다.
문이 종료되었습니다.
   위치: System.Data.SqlClient.SqlConnection.OnError(SqlException exception, Boolean breakConnection, Action`1 wrapCloseInAction)
   위치: System.Data.SqlClient.SqlInternalConnection.OnError(SqlException exception, Boolean breakConnection, Action`1 wrapCloseInAction)
   위치: System.Data.SqlClient.TdsParser.ThrowExceptionAndWarning(TdsParserStateObject stateObj, Boolean callerHasConnectionLock, Boolean asyncClose)
   위치: System.Data.SqlClient.TdsParser.TryRun(RunBehavior runBehavior, SqlCommand cmdHandler, SqlDataReader dataStream, BulkCopySimpleResultSet bulkCopyHandler, TdsParserStateObject stateObj, Boolean& dataReady)
   위치: System.Data.SqlClient.SqlDataReader.TryConsumeMetaData()
   위치: System.Data.SqlClient.SqlDataReader.get_MetaData()
   위치: System.Data.SqlClient.SqlCommand.FinishExecuteReader(SqlDataReader ds, RunBehavior runBehavior, String resetOptionsString, Boolean isInternal, Boolean forDescribeParameterEncryption, Boolean shouldCacheForAlwaysEncrypted)
   위치: System.Data.SqlClient.SqlCommand.RunExecuteReaderTds(CommandBehavior cmdBehavior, RunBehavior runBehavior, Boolean returnStream, Boolean async, Int32 timeout, Task& task, Boolean asyncWrite, Boolean inRetry, SqlDataReader ds, Boolean describeParameterEncryptionRequest)
   위치: System.Data.SqlClient.SqlCommand.RunExecuteReader(CommandBehavior cmdBehavior, RunBehavior runBehavior, Boolean returnStream, String method, TaskCompletionSource`1 completion, Int32 timeout, Task& task, Boolean& usedCache, Boolean asyncWrite, Boolean inRetry)
   위치: System.Data.SqlClient.SqlCommand.RunExecuteReader(CommandBehavior cmdBehavior, RunBehavior runBehavior, Boolean returnStream, String method)
   위치: System.Data.SqlClient.SqlCommand.ExecuteReader(CommandBehavior behavior, String method)
   위치: System.Data.SqlClient.SqlCommand.ExecuteDbDataReader(CommandBehavior behavior)
   위치: System.Data.Common.DbCommand.ExecuteReader(CommandBehavior behavior)
   위치: System.Data.Entity.Infrastructure.Interception.DbCommandDispatcher.<>c.<Reader>b__6_0(DbCommand t, DbCommandInterceptionContext`1 c)
   위치: System.Data.Entity.Infrastructure.Interception.InternalDispatcher`1.Dispatch[TTarget,TInterceptionContext,TResult](TTarget target, Func`3 operation, TInterceptionContext interceptionContext, Action`3 executing, Action`3 executed)
   위치: System.Data.Entity.Infrastructure.Interception.DbCommandDispatcher.Reader(DbCommand command, DbCommandInterceptionContext interceptionContext)
   위치: System.Data.Entity.Internal.InterceptableDbCommand.ExecuteDbDataReader(CommandBehavior behavior)
   위치: System.Data.Common.DbCommand.ExecuteReader(CommandBehavior behavior)
   위치: System.Data.Entity.Core.Mapping.Update.Internal.DynamicUpdateCommand.Execute(Dictionary`2 identifierValues, List`1 generatedValues)
   위치: System.Data.Entity.Core.Mapping.Update.Internal.UpdateTranslator.Update()
   --- 내부 예외 스택 추적의 끝 ---
   위치: System.Data.Entity.Core.Mapping.Update.Internal.UpdateTranslator.Update()
   위치: System.Data.Entity.Core.EntityClient.Internal.EntityAdapter.<>c.<Update>b__21_0(UpdateTranslator ut)
   위치: System.Data.Entity.Core.EntityClient.Internal.EntityAdapter.Update[T](T noChangesResult, Func`2 updateFunction)
   위치: System.Data.Entity.Core.EntityClient.Internal.EntityAdapter.Update()
   위치: System.Data.Entity.Core.Objects.ObjectContext.<SaveChangesToStore>b__153_0()
   위치: System.Data.Entity.Core.Objects.ObjectContext.ExecuteInTransaction[T](Func`1 func, IDbExecutionStrategy executionStrategy, Boolean startLocalTransaction, Boolean releaseConnectionOnSuccess)
   위치: System.Data.Entity.Core.Objects.ObjectContext.SaveChangesToStore(SaveOptions options, IDbExecutionStrategy executionStrategy, Boolean startLocalTransaction)
   위치: System.Data.Entity.Core.Objects.ObjectContext.<>c__DisplayClass148_0.<SaveChangesInternal>b__0()
   위치: System.Data.Entity.SqlServer.DefaultSqlExecutionStrategy.Execute[TResult](Func`1 operation)
   위치: System.Data.Entity.Core.Objects.ObjectContext.SaveChangesInternal(SaveOptions options, Boolean executeInExistingTransaction)
   위치: System.Data.Entity.Core.Objects.ObjectContext.SaveChanges(SaveOptions options)
   위치: System.Data.Entity.Internal.InternalContext.SaveChanges()
   --- 내부 예외 스택 추적의 끝 ---
   위치: System.Data.Entity.Internal.InternalContext.SaveChanges()
   위치: System.Data.Entity.Internal.LazyInternalContext.SaveChanges()
   위치: System.Data.Entity.DbContext.SaveChanges()
   위치: ERPProject.Logic.DataAccess.Setbookoutitem(BookOutItem bookOutItem) 파일 D:\GitRepository2\mini_project\MiniProject_Gumin\ERPProject\Logic\DataAccess.cs:줄 155
   위치: ERPProject.View.BookOut.AddBookOut.BtnAdd_Click(Object sender, RoutedEventArgs e) 파일 D:\GitRepository2\mini_project\MiniProject_Gumin\ERPProject\View\BookOut\AddBookOut.xaml.cs:줄 108
[2021/06/18 20:37:02.952] [TID:1] [Error]: 예외발생 : System.Data.Entity.Infrastructure.DbUpdateException: An error occurred while updating the entries. See the inner exception for details. ---> System.Data.Entity.Core.UpdateException: An error occurred while updating the entries. See the inner exception for details. ---> System.Data.SqlClient.SqlException: INSERT 문이 FOREIGN KEY 제약 조건 "FK_BookOut_Item"과(와) 충돌했습니다. 데이터베이스 "ERP", 테이블 "dbo.BookOut", column 'BookOutID'에서 충돌이 발생했습니다.
문이 종료되었습니다.
   위치: System.Data.SqlClient.SqlConnection.OnError(SqlException exception, Boolean breakConnection, Action`1 wrapCloseInAction)
   위치: System.Data.SqlClient.SqlInternalConnection.OnError(SqlException exception, Boolean breakConnection, Action`1 wrapCloseInAction)
   위치: System.Data.SqlClient.TdsParser.ThrowExceptionAndWarning(TdsParserStateObject stateObj, Boolean callerHasConnectionLock, Boolean asyncClose)
   위치: System.Data.SqlClient.TdsParser.TryRun(RunBehavior runBehavior, SqlCommand cmdHandler, SqlDataReader dataStream, BulkCopySimpleResultSet bulkCopyHandler, TdsParserStateObject stateObj, Boolean& dataReady)
   위치: System.Data.SqlClient.SqlDataReader.TryConsumeMetaData()
   위치: System.Data.SqlClient.SqlDataReader.get_MetaData()
   위치: System.Data.SqlClient.SqlCommand.FinishExecuteReader(SqlDataReader ds, RunBehavior runBehavior, String resetOptionsString, Boolean isInternal, Boolean forDescribeParameterEncryption, Boolean shouldCacheForAlwaysEncrypted)
   위치: System.Data.SqlClient.SqlCommand.RunExecuteReaderTds(CommandBehavior cmdBehavior, RunBehavior runBehavior, Boolean returnStream, Boolean async, Int32 timeout, Task& task, Boolean asyncWrite, Boolean inRetry, SqlDataReader ds, Boolean describeParameterEncryptionRequest)
   위치: System.Data.SqlClient.SqlCommand.RunExecuteReader(CommandBehavior cmdBehavior, RunBehavior runBehavior, Boolean returnStream, String method, TaskCompletionSource`1 completion, Int32 timeout, Task& task, Boolean& usedCache, Boolean asyncWrite, Boolean inRetry)
   위치: System.Data.SqlClient.SqlCommand.RunExecuteReader(CommandBehavior cmdBehavior, RunBehavior runBehavior, Boolean returnStream, String method)
   위치: System.Data.SqlClient.SqlCommand.ExecuteReader(CommandBehavior behavior, String method)
   위치: System.Data.SqlClient.SqlCommand.ExecuteDbDataReader(CommandBehavior behavior)
   위치: System.Data.Common.DbCommand.ExecuteReader(CommandBehavior behavior)
   위치: System.Data.Entity.Infrastructure.Interception.DbCommandDispatcher.<>c.<Reader>b__6_0(DbCommand t, DbCommandInterceptionContext`1 c)
   위치: System.Data.Entity.Infrastructure.Interception.InternalDispatcher`1.Dispatch[TTarget,TInterceptionContext,TResult](TTarget target, Func`3 operation, TInterceptionContext interceptionContext, Action`3 executing, Action`3 executed)
   위치: System.Data.Entity.Infrastructure.Interception.DbCommandDispatcher.Reader(DbCommand command, DbCommandInterceptionContext interceptionContext)
   위치: System.Data.Entity.Internal.InterceptableDbCommand.ExecuteDbDataReader(CommandBehavior behavior)
   위치: System.Data.Common.DbCommand.ExecuteReader(CommandBehavior behavior)
   위치: System.Data.Entity.Core.Mapping.Update.Internal.DynamicUpdateCommand.Execute(Dictionary`2 identifierValues, List`1 generatedValues)
   위치: System.Data.Entity.Core.Mapping.Update.Internal.UpdateTranslator.Update()
   --- 내부 예외 스택 추적의 끝 ---
   위치: System.Data.Entity.Core.Mapping.Update.Internal.UpdateTranslator.Update()
   위치: System.Data.Entity.Core.EntityClient.Internal.EntityAdapter.<>c.<Update>b__21_0(UpdateTranslator ut)
   위치: System.Data.Entity.Core.EntityClient.Internal.EntityAdapter.Update[T](T noChangesResult, Func`2 updateFunction)
   위치: System.Data.Entity.Core.EntityClient.Internal.EntityAdapter.Update()
   위치: System.Data.Entity.Core.Objects.ObjectContext.<SaveChangesToStore>b__153_0()
   위치: System.Data.Entity.Core.Objects.ObjectContext.ExecuteInTransaction[T](Func`1 func, IDbExecutionStrategy executionStrategy, Boolean startLocalTransaction, Boolean releaseConnectionOnSuccess)
   위치: System.Data.Entity.Core.Objects.ObjectContext.SaveChangesToStore(SaveOptions options, IDbExecutionStrategy executionStrategy, Boolean startLocalTransaction)
   위치: System.Data.Entity.Core.Objects.ObjectContext.<>c__DisplayClass148_0.<SaveChangesInternal>b__0()
   위치: System.Data.Entity.SqlServer.DefaultSqlExecutionStrategy.Execute[TResult](Func`1 operation)
   위치: System.Data.Entity.Core.Objects.ObjectContext.SaveChangesInternal(SaveOptions options, Boolean executeInExistingTransaction)
   위치: System.Data.Entity.Core.Objects.ObjectContext.SaveChanges(SaveOptions options)
   위치: System.Data.Entity.Internal.InternalContext.SaveChanges()
   --- 내부 예외 스택 추적의 끝 ---
   위치: System.Data.Entity.Internal.InternalContext.SaveChanges()
   위치: System.Data.Entity.Internal.LazyInternalContext.SaveChanges()
   위치: System.Data.Entity.DbContext.SaveChanges()
   위치: ERPProject.Logic.DataAccess.Setbookoutitem(BookOutItem bookOutItem) 파일 D:\GitRepository2\mini_project\MiniProject_Gumin\ERPProject\Logic\DataAccess.cs:줄 155
   위치: ERPProject.View.BookOut.AddBookOut.BtnAdd_Click(Object sender, RoutedEventArgs e) 파일 D:\GitRepository2\mini_project\MiniProject_Gumin\ERPProject\View\BookOut\AddBookOut.xaml.cs:줄 108
[2021/06/18 20:42:19.164] [TID:1] [Info]: guemin12@naver.com 접속성공
